[0.010s] Invoking command in '/home/muneeb/Desktop/ROS2-Training/hands_on/03_service_client/build/add_two_ints': CMAKE_PREFIX_PATH=${CMAKE_PREFIX_PATH}:/opt/ros/humble /usr/bin/cmake /home/muneeb/Desktop/ROS2-Training/hands_on/03_service_client/src/add_two_ints -DCMAKE_INSTALL_PREFIX=/home/muneeb/Desktop/ROS2-Training/hands_on/03_service_client/install/add_two_ints
[0.022s] -- Found ament_cmake: 1.3.11 (/opt/ros/humble/share/ament_cmake/cmake)
[0.143s] -- Found rosidl_default_generators: 1.2.0 (/opt/ros/humble/share/rosidl_default_generators/cmake)
[0.145s] -- Using all available rosidl_typesupport_c: rosidl_typesupport_fastrtps_c;rosidl_typesupport_introspection_c
[0.147s] -- Found rosidl_adapter: 3.1.6 (/opt/ros/humble/share/rosidl_adapter/cmake)
[0.190s] -- Using all available rosidl_typesupport_cpp: rosidl_typesupport_fastrtps_cpp;rosidl_typesupport_introspection_cpp
[0.218s] -- Found rclcpp: 16.0.12 (/opt/ros/humble/share/rclcpp/cmake)
[0.253s] -- Found rmw_implementation_cmake: 6.1.2 (/opt/ros/humble/share/rmw_implementation_cmake/cmake)
[0.254s] -- Found rmw_fastrtps_cpp: 6.2.7 (/opt/ros/humble/share/rmw_fastrtps_cpp/cmake)
[0.353s] -- Using RMW implementation 'rmw_fastrtps_cpp' as default
[0.633s] -- Found ament_cmake_ros: 0.10.0 (/opt/ros/humble/share/ament_cmake_ros/cmake)
[0.815s] -- Using all available rosidl_typesupport_c: rosidl_typesupport_fastrtps_c;rosidl_typesupport_introspection_c
[1.047s] -- Using all available rosidl_typesupport_cpp: rosidl_typesupport_fastrtps_cpp;rosidl_typesupport_introspection_cpp
[1.071s] -- Found PythonInterp: /usr/bin/python3 (found suitable version "3.10.12", minimum required is "3.6") 
[1.073s] -- Found python_cmake_module: 0.10.0 (/opt/ros/humble/share/python_cmake_module/cmake)
[1.102s] -- Found PythonLibs: /usr/lib/x86_64-linux-gnu/libpython3.10.so (found suitable version "3.10.12", minimum required is "3.5") 
[1.102s] -- Using PYTHON_EXECUTABLE: /usr/bin/python3
[1.102s] -- Using PYTHON_INCLUDE_DIRS: /usr/include/python3.10
[1.102s] -- Using PYTHON_LIBRARIES: /usr/lib/x86_64-linux-gnu/libpython3.10.so
[1.126s] -- Found PythonExtra: .so  
[1.161s] -- Found ament_lint_auto: 0.12.12 (/opt/ros/humble/share/ament_lint_auto/cmake)
[1.182s] -- Added test 'cppcheck' to perform static code analysis on C / C++ code
[1.183s] -- Configured cppcheck include dirs: 
[1.183s] -- Configured cppcheck exclude dirs and/or files: 
[1.184s] -- Added test 'lint_cmake' to check CMake code style
[1.185s] -- Added test 'uncrustify' to check C / C++ code style
[1.185s] -- Configured uncrustify additional arguments: 
[1.186s] -- Added test 'xmllint' to check XML markup files
[1.188s] -- Configuring done
[1.219s] -- Generating done
[1.229s] -- Build files have been written to: /home/muneeb/Desktop/ROS2-Training/hands_on/03_service_client/build/add_two_ints
[1.238s] Invoked command in '/home/muneeb/Desktop/ROS2-Training/hands_on/03_service_client/build/add_two_ints' returned '0': CMAKE_PREFIX_PATH=${CMAKE_PREFIX_PATH}:/opt/ros/humble /usr/bin/cmake /home/muneeb/Desktop/ROS2-Training/hands_on/03_service_client/src/add_two_ints -DCMAKE_INSTALL_PREFIX=/home/muneeb/Desktop/ROS2-Training/hands_on/03_service_client/install/add_two_ints
[1.241s] Invoking command in '/home/muneeb/Desktop/ROS2-Training/hands_on/03_service_client/build/add_two_ints': CMAKE_PREFIX_PATH=${CMAKE_PREFIX_PATH}:/opt/ros/humble /usr/bin/cmake --build /home/muneeb/Desktop/ROS2-Training/hands_on/03_service_client/build/add_two_ints -- -j8 -l8
[1.280s] [  3%] [34m[1mGenerating C code for ROS interfaces[0m
[1.290s] [  6%] [34m[1mGenerating C++ code for ROS interfaces[0m
[1.298s] [  6%] Built target ament_cmake_python_copy_add_two_ints
[1.565s] running egg_info
[1.566s] creating add_two_ints.egg-info
[1.566s] writing add_two_ints.egg-info/PKG-INFO
[1.566s] writing dependency_links to add_two_ints.egg-info/dependency_links.txt
[1.567s] writing top-level names to add_two_ints.egg-info/top_level.txt
[1.567s] writing manifest file 'add_two_ints.egg-info/SOURCES.txt'
[1.569s] reading manifest file 'add_two_ints.egg-info/SOURCES.txt'
[1.570s] writing manifest file 'add_two_ints.egg-info/SOURCES.txt'
[1.573s] [  9%] [32mBuilding C object CMakeFiles/add_two_ints__rosidl_generator_c.dir/rosidl_generator_c/add_two_ints/srv/detail/add_two_ints__functions.c.o[0m
[1.573s] [  9%] Built target add_two_ints__cpp
[1.584s] [ 19%] [34m[1mGenerating C++ introspection for ROS interfaces[0m
[1.584s] [ 19%] [34m[1mGenerating C++ type support for eProsima Fast-RTPS[0m
[1.584s] [ 19%] [34m[1mGenerating C++ type support dispatch for ROS interfaces[0m
[1.627s] [ 19%] Built target ament_cmake_python_build_add_two_ints_egg
[1.648s] [ 22%] [32m[1mLinking C shared library libadd_two_ints__rosidl_generator_c.so[0m
[1.687s] [ 22%] Built target add_two_ints__rosidl_generator_c
[1.699s] [ 25%] [34m[1mGenerating C type support dispatch for ROS interfaces[0m
[1.702s] [ 29%] [34m[1mGenerating C type support for eProsima Fast-RTPS[0m
[1.702s] [ 32%] [34m[1mGenerating C introspection for ROS interfaces[0m
[1.850s] [ 35%] [32mBuilding CXX object CMakeFiles/add_two_ints__rosidl_typesupport_cpp.dir/rosidl_typesupport_cpp/add_two_ints/srv/add_two_ints__type_support.cpp.o[0m
[1.871s] [ 38%] [32mBuilding CXX object CMakeFiles/add_two_ints__rosidl_typesupport_introspection_cpp.dir/rosidl_typesupport_introspection_cpp/add_two_ints/srv/detail/add_two_ints__type_support.cpp.o[0m
[2.043s] [ 41%] [32mBuilding CXX object CMakeFiles/add_two_ints__rosidl_typesupport_fastrtps_cpp.dir/rosidl_typesupport_fastrtps_cpp/add_two_ints/srv/detail/dds_fastrtps/add_two_ints__type_support.cpp.o[0m
[2.135s] [ 45%] [32mBuilding CXX object CMakeFiles/add_two_ints__rosidl_typesupport_fastrtps_c.dir/rosidl_typesupport_fastrtps_c/add_two_ints/srv/detail/add_two_ints__type_support_c.cpp.o[0m
[2.151s] [ 48%] [32mBuilding CXX object CMakeFiles/add_two_ints__rosidl_typesupport_c.dir/rosidl_typesupport_c/add_two_ints/srv/add_two_ints__type_support.cpp.o[0m
[2.186s] [ 51%] [32mBuilding C object CMakeFiles/add_two_ints__rosidl_typesupport_introspection_c.dir/rosidl_typesupport_introspection_c/add_two_ints/srv/detail/add_two_ints__type_support.c.o[0m
[2.195s] [ 54%] [32m[1mLinking CXX shared library libadd_two_ints__rosidl_typesupport_cpp.so[0m
[2.199s] [ 58%] [32m[1mLinking CXX shared library libadd_two_ints__rosidl_typesupport_c.so[0m
[2.242s] [ 61%] [32m[1mLinking C shared library libadd_two_ints__rosidl_typesupport_introspection_c.so[0m
[2.250s] [ 61%] Built target add_two_ints__rosidl_typesupport_c
[2.256s] [ 61%] Built target add_two_ints__rosidl_typesupport_cpp
[2.277s] [ 61%] Built target add_two_ints__rosidl_typesupport_introspection_c
[2.315s] [ 64%] [32m[1mLinking CXX shared library libadd_two_ints__rosidl_typesupport_introspection_cpp.so[0m
[2.357s] [ 64%] Built target add_two_ints__rosidl_typesupport_introspection_cpp
[2.496s] [ 67%] [32m[1mLinking CXX shared library libadd_two_ints__rosidl_typesupport_fastrtps_c.so[0m
[2.539s] [ 70%] [32m[1mLinking CXX shared library libadd_two_ints__rosidl_typesupport_fastrtps_cpp.so[0m
[2.584s] [ 70%] Built target add_two_ints__rosidl_typesupport_fastrtps_c
[2.627s] [ 70%] Built target add_two_ints__rosidl_typesupport_fastrtps_cpp
[2.648s] [ 70%] Built target add_two_ints
[2.671s] [ 74%] [34m[1mGenerating Python code for ROS interfaces[0m
[3.016s] [ 74%] Built target add_two_ints__py
[3.039s] [ 77%] [32mBuilding C object CMakeFiles/add_two_ints__rosidl_generator_py.dir/rosidl_generator_py/add_two_ints/srv/_add_two_ints_s.c.o[0m
[3.142s] [ 80%] [32m[1mLinking C shared library rosidl_generator_py/add_two_ints/libadd_two_ints__rosidl_generator_py.so[0m
[3.181s] [ 80%] Built target add_two_ints__rosidl_generator_py
[3.201s] [ 90%] [32mBuilding C object CMakeFiles/add_two_ints__rosidl_typesupport_c__pyext.dir/rosidl_generator_py/add_two_ints/_add_two_ints_s.ep.rosidl_typesupport_c.c.o[0m
[3.201s] [ 90%] [32mBuilding C object CMakeFiles/add_two_ints__rosidl_typesupport_fastrtps_c__pyext.dir/rosidl_generator_py/add_two_ints/_add_two_ints_s.ep.rosidl_typesupport_fastrtps_c.c.o[0m
[3.201s] [ 90%] [32mBuilding C object CMakeFiles/add_two_ints__rosidl_typesupport_introspection_c__pyext.dir/rosidl_generator_py/add_two_ints/_add_two_ints_s.ep.rosidl_typesupport_introspection_c.c.o[0m
[3.290s] [ 93%] [32m[1mLinking C shared library rosidl_generator_py/add_two_ints/add_two_ints_s__rosidl_typesupport_c.cpython-310-x86_64-linux-gnu.so[0m
[3.291s] [ 96%] [32m[1mLinking C shared library rosidl_generator_py/add_two_ints/add_two_ints_s__rosidl_typesupport_introspection_c.cpython-310-x86_64-linux-gnu.so[0m
[3.294s] [100%] [32m[1mLinking C shared library rosidl_generator_py/add_two_ints/add_two_ints_s__rosidl_typesupport_fastrtps_c.cpython-310-x86_64-linux-gnu.so[0m
[3.323s] [100%] Built target add_two_ints__rosidl_typesupport_introspection_c__pyext
[3.324s] [100%] Built target add_two_ints__rosidl_typesupport_c__pyext
[3.327s] [100%] Built target add_two_ints__rosidl_typesupport_fastrtps_c__pyext
[3.339s] Invoked command in '/home/muneeb/Desktop/ROS2-Training/hands_on/03_service_client/build/add_two_ints' returned '0': CMAKE_PREFIX_PATH=${CMAKE_PREFIX_PATH}:/opt/ros/humble /usr/bin/cmake --build /home/muneeb/Desktop/ROS2-Training/hands_on/03_service_client/build/add_two_ints -- -j8 -l8
[3.350s] Invoking command in '/home/muneeb/Desktop/ROS2-Training/hands_on/03_service_client/build/add_two_ints': CMAKE_PREFIX_PATH=${CMAKE_PREFIX_PATH}:/opt/ros/humble /usr/bin/cmake --install /home/muneeb/Desktop/ROS2-Training/hands_on/03_service_client/build/add_two_ints
[3.357s] -- Install configuration: ""
[3.357s] -- Installing: /home/muneeb/Desktop/ROS2-Training/hands_on/03_service_client/install/add_two_ints/share/ament_index/resource_index/rosidl_interfaces/add_two_ints
[3.357s] -- Installing: /home/muneeb/Desktop/ROS2-Training/hands_on/03_service_client/install/add_two_ints/include/add_two_ints/add_two_ints
[3.357s] -- Installing: /home/muneeb/Desktop/ROS2-Training/hands_on/03_service_client/install/add_two_ints/include/add_two_ints/add_two_ints/srv
[3.357s] -- Installing: /home/muneeb/Desktop/ROS2-Training/hands_on/03_service_client/install/add_two_ints/include/add_two_ints/add_two_ints/srv/detail
[3.358s] -- Installing: /home/muneeb/Desktop/ROS2-Training/hands_on/03_service_client/install/add_two_ints/include/add_two_ints/add_two_ints/srv/detail/add_two_ints__struct.h
[3.358s] -- Installing: /home/muneeb/Desktop/ROS2-Training/hands_on/03_service_client/install/add_two_ints/include/add_two_ints/add_two_ints/srv/detail/add_two_ints__functions.c
[3.358s] -- Installing: /home/muneeb/Desktop/ROS2-Training/hands_on/03_service_client/install/add_two_ints/include/add_two_ints/add_two_ints/srv/detail/add_two_ints__functions.h
[3.358s] -- Installing: /home/muneeb/Desktop/ROS2-Training/hands_on/03_service_client/install/add_two_ints/include/add_two_ints/add_two_ints/srv/detail/add_two_ints__type_support.h
[3.358s] -- Installing: /home/muneeb/Desktop/ROS2-Training/hands_on/03_service_client/install/add_two_ints/include/add_two_ints/add_two_ints/srv/add_two_ints.h
[3.358s] -- Installing: /home/muneeb/Desktop/ROS2-Training/hands_on/03_service_client/install/add_two_ints/include/add_two_ints/add_two_ints/msg
[3.358s] -- Installing: /home/muneeb/Desktop/ROS2-Training/hands_on/03_service_client/install/add_two_ints/include/add_two_ints/add_two_ints/msg/rosidl_generator_c__visibility_control.h
[3.358s] -- Installing: /home/muneeb/Desktop/ROS2-Training/hands_on/03_service_client/install/add_two_ints/share/add_two_ints/environment/library_path.sh
[3.358s] -- Installing: /home/muneeb/Desktop/ROS2-Training/hands_on/03_service_client/install/add_two_ints/share/add_two_ints/environment/library_path.dsv
[3.358s] -- Installing: /home/muneeb/Desktop/ROS2-Training/hands_on/03_service_client/install/add_two_ints/lib/libadd_two_ints__rosidl_generator_c.so
[3.359s] -- Set runtime path of "/home/muneeb/Desktop/ROS2-Training/hands_on/03_service_client/install/add_two_ints/lib/libadd_two_ints__rosidl_generator_c.so" to ""
[3.359s] -- Up-to-date: /home/muneeb/Desktop/ROS2-Training/hands_on/03_service_client/install/add_two_ints/include/add_two_ints/add_two_ints
[3.359s] -- Up-to-date: /home/muneeb/Desktop/ROS2-Training/hands_on/03_service_client/install/add_two_ints/include/add_two_ints/add_two_ints/srv
[3.359s] -- Up-to-date: /home/muneeb/Desktop/ROS2-Training/hands_on/03_service_client/install/add_two_ints/include/add_two_ints/add_two_ints/srv/detail
[3.359s] -- Installing: /home/muneeb/Desktop/ROS2-Training/hands_on/03_service_client/install/add_two_ints/include/add_two_ints/add_two_ints/srv/detail/add_two_ints__rosidl_typesupport_fastrtps_c.h
[3.359s] -- Up-to-date: /home/muneeb/Desktop/ROS2-Training/hands_on/03_service_client/install/add_two_ints/include/add_two_ints/add_two_ints/msg
[3.359s] -- Installing: /home/muneeb/Desktop/ROS2-Training/hands_on/03_service_client/install/add_two_ints/include/add_two_ints/add_two_ints/msg/rosidl_typesupport_fastrtps_c__visibility_control.h
[3.359s] -- Installing: /home/muneeb/Desktop/ROS2-Training/hands_on/03_service_client/install/add_two_ints/lib/libadd_two_ints__rosidl_typesupport_fastrtps_c.so
[3.360s] -- Set runtime path of "/home/muneeb/Desktop/ROS2-Training/hands_on/03_service_client/install/add_two_ints/lib/libadd_two_ints__rosidl_typesupport_fastrtps_c.so" to ""
[3.360s] -- Up-to-date: /home/muneeb/Desktop/ROS2-Training/hands_on/03_service_client/install/add_two_ints/include/add_two_ints/add_two_ints
[3.360s] -- Up-to-date: /home/muneeb/Desktop/ROS2-Training/hands_on/03_service_client/install/add_two_ints/include/add_two_ints/add_two_ints/srv
[3.360s] -- Up-to-date: /home/muneeb/Desktop/ROS2-Training/hands_on/03_service_client/install/add_two_ints/include/add_two_ints/add_two_ints/srv/detail
[3.360s] -- Installing: /home/muneeb/Desktop/ROS2-Training/hands_on/03_service_client/install/add_two_ints/include/add_two_ints/add_two_ints/srv/detail/add_two_ints__rosidl_typesupport_introspection_c.h
[3.360s] -- Installing: /home/muneeb/Desktop/ROS2-Training/hands_on/03_service_client/install/add_two_ints/include/add_two_ints/add_two_ints/srv/detail/add_two_ints__type_support.c
[3.360s] -- Up-to-date: /home/muneeb/Desktop/ROS2-Training/hands_on/03_service_client/install/add_two_ints/include/add_two_ints/add_two_ints/msg
[3.360s] -- Installing: /home/muneeb/Desktop/ROS2-Training/hands_on/03_service_client/install/add_two_ints/include/add_two_ints/add_two_ints/msg/rosidl_typesupport_introspection_c__visibility_control.h
[3.360s] -- Installing: /home/muneeb/Desktop/ROS2-Training/hands_on/03_service_client/install/add_two_ints/lib/libadd_two_ints__rosidl_typesupport_introspection_c.so
[3.361s] -- Set runtime path of "/home/muneeb/Desktop/ROS2-Training/hands_on/03_service_client/install/add_two_ints/lib/libadd_two_ints__rosidl_typesupport_introspection_c.so" to ""
[3.361s] -- Installing: /home/muneeb/Desktop/ROS2-Training/hands_on/03_service_client/install/add_two_ints/lib/libadd_two_ints__rosidl_typesupport_c.so
[3.361s] -- Set runtime path of "/home/muneeb/Desktop/ROS2-Training/hands_on/03_service_client/install/add_two_ints/lib/libadd_two_ints__rosidl_typesupport_c.so" to ""
[3.361s] -- Up-to-date: /home/muneeb/Desktop/ROS2-Training/hands_on/03_service_client/install/add_two_ints/include/add_two_ints/add_two_ints
[3.361s] -- Up-to-date: /home/muneeb/Desktop/ROS2-Training/hands_on/03_service_client/install/add_two_ints/include/add_two_ints/add_two_ints/srv
[3.361s] -- Up-to-date: /home/muneeb/Desktop/ROS2-Training/hands_on/03_service_client/install/add_two_ints/include/add_two_ints/add_two_ints/srv/detail
[3.361s] -- Installing: /home/muneeb/Desktop/ROS2-Training/hands_on/03_service_client/install/add_two_ints/include/add_two_ints/add_two_ints/srv/detail/add_two_ints__struct.hpp
[3.361s] -- Installing: /home/muneeb/Desktop/ROS2-Training/hands_on/03_service_client/install/add_two_ints/include/add_two_ints/add_two_ints/srv/detail/add_two_ints__type_support.hpp
[3.361s] -- Installing: /home/muneeb/Desktop/ROS2-Training/hands_on/03_service_client/install/add_two_ints/include/add_two_ints/add_two_ints/srv/detail/add_two_ints__traits.hpp
[3.361s] -- Installing: /home/muneeb/Desktop/ROS2-Training/hands_on/03_service_client/install/add_two_ints/include/add_two_ints/add_two_ints/srv/detail/add_two_ints__builder.hpp
[3.361s] -- Installing: /home/muneeb/Desktop/ROS2-Training/hands_on/03_service_client/install/add_two_ints/include/add_two_ints/add_two_ints/srv/add_two_ints.hpp
[3.362s] -- Up-to-date: /home/muneeb/Desktop/ROS2-Training/hands_on/03_service_client/install/add_two_ints/include/add_two_ints/add_two_ints/msg
[3.362s] -- Installing: /home/muneeb/Desktop/ROS2-Training/hands_on/03_service_client/install/add_two_ints/include/add_two_ints/add_two_ints/msg/rosidl_generator_cpp__visibility_control.hpp
[3.362s] -- Up-to-date: /home/muneeb/Desktop/ROS2-Training/hands_on/03_service_client/install/add_two_ints/include/add_two_ints/add_two_ints
[3.362s] -- Up-to-date: /home/muneeb/Desktop/ROS2-Training/hands_on/03_service_client/install/add_two_ints/include/add_two_ints/add_two_ints/srv
[3.362s] -- Up-to-date: /home/muneeb/Desktop/ROS2-Training/hands_on/03_service_client/install/add_two_ints/include/add_two_ints/add_two_ints/srv/detail
[3.362s] -- Installing: /home/muneeb/Desktop/ROS2-Training/hands_on/03_service_client/install/add_two_ints/include/add_two_ints/add_two_ints/srv/detail/add_two_ints__rosidl_typesupport_fastrtps_cpp.hpp
[3.362s] -- Installing: /home/muneeb/Desktop/ROS2-Training/hands_on/03_service_client/install/add_two_ints/include/add_two_ints/add_two_ints/srv/detail/dds_fastrtps
[3.362s] -- Up-to-date: /home/muneeb/Desktop/ROS2-Training/hands_on/03_service_client/install/add_two_ints/include/add_two_ints/add_two_ints/msg
[3.362s] -- Installing: /home/muneeb/Desktop/ROS2-Training/hands_on/03_service_client/install/add_two_ints/include/add_two_ints/add_two_ints/msg/rosidl_typesupport_fastrtps_cpp__visibility_control.h
[3.362s] -- Installing: /home/muneeb/Desktop/ROS2-Training/hands_on/03_service_client/install/add_two_ints/lib/libadd_two_ints__rosidl_typesupport_fastrtps_cpp.so
[3.363s] -- Set runtime path of "/home/muneeb/Desktop/ROS2-Training/hands_on/03_service_client/install/add_two_ints/lib/libadd_two_ints__rosidl_typesupport_fastrtps_cpp.so" to ""
[3.363s] -- Up-to-date: /home/muneeb/Desktop/ROS2-Training/hands_on/03_service_client/install/add_two_ints/include/add_two_ints/add_two_ints
[3.363s] -- Up-to-date: /home/muneeb/Desktop/ROS2-Training/hands_on/03_service_client/install/add_two_ints/include/add_two_ints/add_two_ints/srv
[3.363s] -- Up-to-date: /home/muneeb/Desktop/ROS2-Training/hands_on/03_service_client/install/add_two_ints/include/add_two_ints/add_two_ints/srv/detail
[3.363s] -- Installing: /home/muneeb/Desktop/ROS2-Training/hands_on/03_service_client/install/add_two_ints/include/add_two_ints/add_two_ints/srv/detail/add_two_ints__rosidl_typesupport_introspection_cpp.hpp
[3.363s] -- Installing: /home/muneeb/Desktop/ROS2-Training/hands_on/03_service_client/install/add_two_ints/include/add_two_ints/add_two_ints/srv/detail/add_two_ints__type_support.cpp
[3.363s] -- Installing: /home/muneeb/Desktop/ROS2-Training/hands_on/03_service_client/install/add_two_ints/lib/libadd_two_ints__rosidl_typesupport_introspection_cpp.so
[3.363s] -- Set runtime path of "/home/muneeb/Desktop/ROS2-Training/hands_on/03_service_client/install/add_two_ints/lib/libadd_two_ints__rosidl_typesupport_introspection_cpp.so" to ""
[3.364s] -- Installing: /home/muneeb/Desktop/ROS2-Training/hands_on/03_service_client/install/add_two_ints/lib/libadd_two_ints__rosidl_typesupport_cpp.so
[3.364s] -- Set runtime path of "/home/muneeb/Desktop/ROS2-Training/hands_on/03_service_client/install/add_two_ints/lib/libadd_two_ints__rosidl_typesupport_cpp.so" to ""
[3.364s] -- Installing: /home/muneeb/Desktop/ROS2-Training/hands_on/03_service_client/install/add_two_ints/share/add_two_ints/environment/pythonpath.sh
[3.364s] -- Installing: /home/muneeb/Desktop/ROS2-Training/hands_on/03_service_client/install/add_two_ints/share/add_two_ints/environment/pythonpath.dsv
[3.364s] -- Installing: /home/muneeb/Desktop/ROS2-Training/hands_on/03_service_client/install/add_two_ints/local/lib/python3.10/dist-packages/add_two_ints-0.0.0-py3.10.egg-info
[3.364s] -- Installing: /home/muneeb/Desktop/ROS2-Training/hands_on/03_service_client/install/add_two_ints/local/lib/python3.10/dist-packages/add_two_ints-0.0.0-py3.10.egg-info/dependency_links.txt
[3.364s] -- Installing: /home/muneeb/Desktop/ROS2-Training/hands_on/03_service_client/install/add_two_ints/local/lib/python3.10/dist-packages/add_two_ints-0.0.0-py3.10.egg-info/PKG-INFO
[3.365s] -- Installing: /home/muneeb/Desktop/ROS2-Training/hands_on/03_service_client/install/add_two_ints/local/lib/python3.10/dist-packages/add_two_ints-0.0.0-py3.10.egg-info/top_level.txt
[3.365s] -- Installing: /home/muneeb/Desktop/ROS2-Training/hands_on/03_service_client/install/add_two_ints/local/lib/python3.10/dist-packages/add_two_ints-0.0.0-py3.10.egg-info/SOURCES.txt
[3.365s] -- Installing: /home/muneeb/Desktop/ROS2-Training/hands_on/03_service_client/install/add_two_ints/local/lib/python3.10/dist-packages/add_two_ints
[3.365s] -- Installing: /home/muneeb/Desktop/ROS2-Training/hands_on/03_service_client/install/add_two_ints/local/lib/python3.10/dist-packages/add_two_ints/libadd_two_ints__rosidl_generator_py.so
[3.365s] -- Installing: /home/muneeb/Desktop/ROS2-Training/hands_on/03_service_client/install/add_two_ints/local/lib/python3.10/dist-packages/add_two_ints/add_two_ints_s__rosidl_typesupport_fastrtps_c.cpython-310-x86_64-linux-gnu.so
[3.365s] -- Installing: /home/muneeb/Desktop/ROS2-Training/hands_on/03_service_client/install/add_two_ints/local/lib/python3.10/dist-packages/add_two_ints/add_two_ints_s__rosidl_typesupport_introspection_c.cpython-310-x86_64-linux-gnu.so
[3.365s] -- Installing: /home/muneeb/Desktop/ROS2-Training/hands_on/03_service_client/install/add_two_ints/local/lib/python3.10/dist-packages/add_two_ints/_add_two_ints_s.ep.rosidl_typesupport_c.c
[3.365s] -- Installing: /home/muneeb/Desktop/ROS2-Training/hands_on/03_service_client/install/add_two_ints/local/lib/python3.10/dist-packages/add_two_ints/__init__.py
[3.365s] -- Installing: /home/muneeb/Desktop/ROS2-Training/hands_on/03_service_client/install/add_two_ints/local/lib/python3.10/dist-packages/add_two_ints/srv
[3.365s] -- Installing: /home/muneeb/Desktop/ROS2-Training/hands_on/03_service_client/install/add_two_ints/local/lib/python3.10/dist-packages/add_two_ints/srv/_add_two_ints.py
[3.366s] -- Installing: /home/muneeb/Desktop/ROS2-Training/hands_on/03_service_client/install/add_two_ints/local/lib/python3.10/dist-packages/add_two_ints/srv/__init__.py
[3.366s] -- Installing: /home/muneeb/Desktop/ROS2-Training/hands_on/03_service_client/install/add_two_ints/local/lib/python3.10/dist-packages/add_two_ints/srv/_add_two_ints_s.c
[3.366s] -- Installing: /home/muneeb/Desktop/ROS2-Training/hands_on/03_service_client/install/add_two_ints/local/lib/python3.10/dist-packages/add_two_ints/_add_two_ints_s.ep.rosidl_typesupport_fastrtps_c.c
[3.366s] -- Installing: /home/muneeb/Desktop/ROS2-Training/hands_on/03_service_client/install/add_two_ints/local/lib/python3.10/dist-packages/add_two_ints/add_two_ints_s__rosidl_typesupport_c.cpython-310-x86_64-linux-gnu.so
[3.366s] -- Installing: /home/muneeb/Desktop/ROS2-Training/hands_on/03_service_client/install/add_two_ints/local/lib/python3.10/dist-packages/add_two_ints/_add_two_ints_s.ep.rosidl_typesupport_introspection_c.c
[3.399s] Listing '/home/muneeb/Desktop/ROS2-Training/hands_on/03_service_client/install/add_two_ints/local/lib/python3.10/dist-packages/add_two_ints'...
[3.399s] Compiling '/home/muneeb/Desktop/ROS2-Training/hands_on/03_service_client/install/add_two_ints/local/lib/python3.10/dist-packages/add_two_ints/__init__.py'...
[3.399s] Listing '/home/muneeb/Desktop/ROS2-Training/hands_on/03_service_client/install/add_two_ints/local/lib/python3.10/dist-packages/add_two_ints/srv'...
[3.399s] Compiling '/home/muneeb/Desktop/ROS2-Training/hands_on/03_service_client/install/add_two_ints/local/lib/python3.10/dist-packages/add_two_ints/srv/__init__.py'...
[3.399s] Compiling '/home/muneeb/Desktop/ROS2-Training/hands_on/03_service_client/install/add_two_ints/local/lib/python3.10/dist-packages/add_two_ints/srv/_add_two_ints.py'...
[3.405s] -- Installing: /home/muneeb/Desktop/ROS2-Training/hands_on/03_service_client/install/add_two_ints/local/lib/python3.10/dist-packages/add_two_ints/add_two_ints_s__rosidl_typesupport_fastrtps_c.cpython-310-x86_64-linux-gnu.so
[3.405s] -- Set runtime path of "/home/muneeb/Desktop/ROS2-Training/hands_on/03_service_client/install/add_two_ints/local/lib/python3.10/dist-packages/add_two_ints/add_two_ints_s__rosidl_typesupport_fastrtps_c.cpython-310-x86_64-linux-gnu.so" to ""
[3.405s] -- Installing: /home/muneeb/Desktop/ROS2-Training/hands_on/03_service_client/install/add_two_ints/local/lib/python3.10/dist-packages/add_two_ints/add_two_ints_s__rosidl_typesupport_introspection_c.cpython-310-x86_64-linux-gnu.so
[3.405s] -- Set runtime path of "/home/muneeb/Desktop/ROS2-Training/hands_on/03_service_client/install/add_two_ints/local/lib/python3.10/dist-packages/add_two_ints/add_two_ints_s__rosidl_typesupport_introspection_c.cpython-310-x86_64-linux-gnu.so" to ""
[3.406s] -- Installing: /home/muneeb/Desktop/ROS2-Training/hands_on/03_service_client/install/add_two_ints/local/lib/python3.10/dist-packages/add_two_ints/add_two_ints_s__rosidl_typesupport_c.cpython-310-x86_64-linux-gnu.so
[3.406s] -- Set runtime path of "/home/muneeb/Desktop/ROS2-Training/hands_on/03_service_client/install/add_two_ints/local/lib/python3.10/dist-packages/add_two_ints/add_two_ints_s__rosidl_typesupport_c.cpython-310-x86_64-linux-gnu.so" to ""
[3.406s] -- Installing: /home/muneeb/Desktop/ROS2-Training/hands_on/03_service_client/install/add_two_ints/lib/libadd_two_ints__rosidl_generator_py.so
[3.406s] -- Set runtime path of "/home/muneeb/Desktop/ROS2-Training/hands_on/03_service_client/install/add_two_ints/lib/libadd_two_ints__rosidl_generator_py.so" to ""
[3.406s] -- Installing: /home/muneeb/Desktop/ROS2-Training/hands_on/03_service_client/install/add_two_ints/share/add_two_ints/srv/AddTwoInts.idl
[3.407s] -- Installing: /home/muneeb/Desktop/ROS2-Training/hands_on/03_service_client/install/add_two_ints/share/add_two_ints/srv/AddTwoInts.srv
[3.407s] -- Installing: /home/muneeb/Desktop/ROS2-Training/hands_on/03_service_client/install/add_two_ints/share/add_two_ints/srv/AddTwoInts_Request.msg
[3.407s] -- Installing: /home/muneeb/Desktop/ROS2-Training/hands_on/03_service_client/install/add_two_ints/share/add_two_ints/srv/AddTwoInts_Response.msg
[3.407s] -- Installing: /home/muneeb/Desktop/ROS2-Training/hands_on/03_service_client/install/add_two_ints/share/ament_index/resource_index/package_run_dependencies/add_two_ints
[3.407s] -- Installing: /home/muneeb/Desktop/ROS2-Training/hands_on/03_service_client/install/add_two_ints/share/ament_index/resource_index/parent_prefix_path/add_two_ints
[3.407s] -- Installing: /home/muneeb/Desktop/ROS2-Training/hands_on/03_service_client/install/add_two_ints/share/add_two_ints/environment/ament_prefix_path.sh
[3.408s] -- Installing: /home/muneeb/Desktop/ROS2-Training/hands_on/03_service_client/install/add_two_ints/share/add_two_ints/environment/ament_prefix_path.dsv
[3.408s] -- Installing: /home/muneeb/Desktop/ROS2-Training/hands_on/03_service_client/install/add_two_ints/share/add_two_ints/environment/path.sh
[3.408s] -- Installing: /home/muneeb/Desktop/ROS2-Training/hands_on/03_service_client/install/add_two_ints/share/add_two_ints/environment/path.dsv
[3.408s] -- Installing: /home/muneeb/Desktop/ROS2-Training/hands_on/03_service_client/install/add_two_ints/share/add_two_ints/local_setup.bash
[3.408s] -- Installing: /home/muneeb/Desktop/ROS2-Training/hands_on/03_service_client/install/add_two_ints/share/add_two_ints/local_setup.sh
[3.408s] -- Installing: /home/muneeb/Desktop/ROS2-Training/hands_on/03_service_client/install/add_two_ints/share/add_two_ints/local_setup.zsh
[3.408s] -- Installing: /home/muneeb/Desktop/ROS2-Training/hands_on/03_service_client/install/add_two_ints/share/add_two_ints/local_setup.dsv
[3.408s] -- Installing: /home/muneeb/Desktop/ROS2-Training/hands_on/03_service_client/install/add_two_ints/share/add_two_ints/package.dsv
[3.409s] -- Installing: /home/muneeb/Desktop/ROS2-Training/hands_on/03_service_client/install/add_two_ints/share/ament_index/resource_index/packages/add_two_ints
[3.409s] -- Installing: /home/muneeb/Desktop/ROS2-Training/hands_on/03_service_client/install/add_two_ints/share/add_two_ints/cmake/export_add_two_ints__rosidl_generator_cExport.cmake
[3.409s] -- Installing: /home/muneeb/Desktop/ROS2-Training/hands_on/03_service_client/install/add_two_ints/share/add_two_ints/cmake/export_add_two_ints__rosidl_generator_cExport-noconfig.cmake
[3.409s] -- Installing: /home/muneeb/Desktop/ROS2-Training/hands_on/03_service_client/install/add_two_ints/share/add_two_ints/cmake/export_add_two_ints__rosidl_typesupport_fastrtps_cExport.cmake
[3.409s] -- Installing: /home/muneeb/Desktop/ROS2-Training/hands_on/03_service_client/install/add_two_ints/share/add_two_ints/cmake/export_add_two_ints__rosidl_typesupport_fastrtps_cExport-noconfig.cmake
[3.409s] -- Installing: /home/muneeb/Desktop/ROS2-Training/hands_on/03_service_client/install/add_two_ints/share/add_two_ints/cmake/add_two_ints__rosidl_typesupport_introspection_cExport.cmake
[3.410s] -- Installing: /home/muneeb/Desktop/ROS2-Training/hands_on/03_service_client/install/add_two_ints/share/add_two_ints/cmake/add_two_ints__rosidl_typesupport_introspection_cExport-noconfig.cmake
[3.410s] -- Installing: /home/muneeb/Desktop/ROS2-Training/hands_on/03_service_client/install/add_two_ints/share/add_two_ints/cmake/add_two_ints__rosidl_typesupport_cExport.cmake
[3.410s] -- Installing: /home/muneeb/Desktop/ROS2-Training/hands_on/03_service_client/install/add_two_ints/share/add_two_ints/cmake/add_two_ints__rosidl_typesupport_cExport-noconfig.cmake
[3.410s] -- Installing: /home/muneeb/Desktop/ROS2-Training/hands_on/03_service_client/install/add_two_ints/share/add_two_ints/cmake/export_add_two_ints__rosidl_generator_cppExport.cmake
[3.410s] -- Installing: /home/muneeb/Desktop/ROS2-Training/hands_on/03_service_client/install/add_two_ints/share/add_two_ints/cmake/export_add_two_ints__rosidl_typesupport_fastrtps_cppExport.cmake
[3.410s] -- Installing: /home/muneeb/Desktop/ROS2-Training/hands_on/03_service_client/install/add_two_ints/share/add_two_ints/cmake/export_add_two_ints__rosidl_typesupport_fastrtps_cppExport-noconfig.cmake
[3.410s] -- Installing: /home/muneeb/Desktop/ROS2-Training/hands_on/03_service_client/install/add_two_ints/share/add_two_ints/cmake/add_two_ints__rosidl_typesupport_introspection_cppExport.cmake
[3.411s] -- Installing: /home/muneeb/Desktop/ROS2-Training/hands_on/03_service_client/install/add_two_ints/share/add_two_ints/cmake/add_two_ints__rosidl_typesupport_introspection_cppExport-noconfig.cmake
[3.411s] -- Installing: /home/muneeb/Desktop/ROS2-Training/hands_on/03_service_client/install/add_two_ints/share/add_two_ints/cmake/add_two_ints__rosidl_typesupport_cppExport.cmake
[3.411s] -- Installing: /home/muneeb/Desktop/ROS2-Training/hands_on/03_service_client/install/add_two_ints/share/add_two_ints/cmake/add_two_ints__rosidl_typesupport_cppExport-noconfig.cmake
[3.411s] -- Installing: /home/muneeb/Desktop/ROS2-Training/hands_on/03_service_client/install/add_two_ints/share/add_two_ints/cmake/export_add_two_ints__rosidl_generator_pyExport.cmake
[3.411s] -- Installing: /home/muneeb/Desktop/ROS2-Training/hands_on/03_service_client/install/add_two_ints/share/add_two_ints/cmake/export_add_two_ints__rosidl_generator_pyExport-noconfig.cmake
[3.411s] -- Installing: /home/muneeb/Desktop/ROS2-Training/hands_on/03_service_client/install/add_two_ints/share/add_two_ints/cmake/rosidl_cmake-extras.cmake
[3.411s] -- Installing: /home/muneeb/Desktop/ROS2-Training/hands_on/03_service_client/install/add_two_ints/share/add_two_ints/cmake/ament_cmake_export_include_directories-extras.cmake
[3.412s] -- Installing: /home/muneeb/Desktop/ROS2-Training/hands_on/03_service_client/install/add_two_ints/share/add_two_ints/cmake/ament_cmake_export_libraries-extras.cmake
[3.412s] -- Installing: /home/muneeb/Desktop/ROS2-Training/hands_on/03_service_client/install/add_two_ints/share/add_two_ints/cmake/ament_cmake_export_targets-extras.cmake
[3.412s] -- Installing: /home/muneeb/Desktop/ROS2-Training/hands_on/03_service_client/install/add_two_ints/share/add_two_ints/cmake/rosidl_cmake_export_typesupport_targets-extras.cmake
[3.412s] -- Installing: /home/muneeb/Desktop/ROS2-Training/hands_on/03_service_client/install/add_two_ints/share/add_two_ints/cmake/ament_cmake_export_dependencies-extras.cmake
[3.412s] -- Installing: /home/muneeb/Desktop/ROS2-Training/hands_on/03_service_client/install/add_two_ints/share/add_two_ints/cmake/rosidl_cmake_export_typesupport_libraries-extras.cmake
[3.412s] -- Installing: /home/muneeb/Desktop/ROS2-Training/hands_on/03_service_client/install/add_two_ints/share/add_two_ints/cmake/add_two_intsConfig.cmake
[3.412s] -- Installing: /home/muneeb/Desktop/ROS2-Training/hands_on/03_service_client/install/add_two_ints/share/add_two_ints/cmake/add_two_intsConfig-version.cmake
[3.412s] -- Installing: /home/muneeb/Desktop/ROS2-Training/hands_on/03_service_client/install/add_two_ints/share/add_two_ints/package.xml
[3.415s] Invoked command in '/home/muneeb/Desktop/ROS2-Training/hands_on/03_service_client/build/add_two_ints' returned '0': CMAKE_PREFIX_PATH=${CMAKE_PREFIX_PATH}:/opt/ros/humble /usr/bin/cmake --install /home/muneeb/Desktop/ROS2-Training/hands_on/03_service_client/build/add_two_ints
