[0.010s] Invoking command in '/home/muneeb/Desktop/ROS2-Training/hands_on/02_custom_message_interface/build/custom_message': CMAKE_PREFIX_PATH=/opt/ros/humble /usr/bin/cmake /home/muneeb/Desktop/ROS2-Training/hands_on/02_custom_message_interface/src/custom_message -DCMAKE_INSTALL_PREFIX=/home/muneeb/Desktop/ROS2-Training/hands_on/02_custom_message_interface/install/custom_message
[0.021s] -- Found ament_cmake: 1.3.11 (/opt/ros/humble/share/ament_cmake/cmake)
[0.156s] [31mCMake Error at CMakeLists.txt:13 (find_package):
[0.156s]   By not providing "Findcustom_message.cmake" in CMAKE_MODULE_PATH this
[0.156s]   project has asked CMake to find a package configuration file provided by
[0.157s]   "custom_message", but CMake did not find one.
[0.157s] 
[0.157s]   Could not find a package configuration file provided by "custom_message"
[0.157s]   with any of the following names:
[0.157s] 
[0.157s]     custom_messageConfig.cmake
[0.157s]     custom_message-config.cmake
[0.157s] 
[0.157s]   Add the installation prefix of "custom_message" to CMAKE_PREFIX_PATH or set
[0.157s]   "custom_message_DIR" to a directory containing one of the above files.  If
[0.157s]   "custom_message" provides a separate development package or SDK, be sure it
[0.157s]   has been installed.
[0.157s] 
[0.157s] [0m
[0.157s] -- Configuring incomplete, errors occurred!
[0.157s] See also "/home/muneeb/Desktop/ROS2-Training/hands_on/02_custom_message_interface/build/custom_message/CMakeFiles/CMakeOutput.log".
[0.159s] Invoked command in '/home/muneeb/Desktop/ROS2-Training/hands_on/02_custom_message_interface/build/custom_message' returned '1': CMAKE_PREFIX_PATH=/opt/ros/humble /usr/bin/cmake /home/muneeb/Desktop/ROS2-Training/hands_on/02_custom_message_interface/src/custom_message -DCMAKE_INSTALL_PREFIX=/home/muneeb/Desktop/ROS2-Training/hands_on/02_custom_message_interface/install/custom_message
