-- Found ament_cmake: 1.3.11 (/opt/ros/humble/share/ament_cmake/cmake)
-- Found rosidl_default_generators: 1.2.0 (/opt/ros/humble/share/rosidl_default_generators/cmake)
-- Using all available rosidl_typesupport_c: rosidl_typesupport_fastrtps_c;rosidl_typesupport_introspection_c
-- Found rosidl_adapter: 3.1.6 (/opt/ros/humble/share/rosidl_adapter/cmake)
-- Using all available rosidl_typesupport_cpp: rosidl_typesupport_fastrtps_cpp;rosidl_typesupport_introspection_cpp
-- Found rclcpp: 16.0.12 (/opt/ros/humble/share/rclcpp/cmake)
-- Found rmw_implementation_cmake: 6.1.2 (/opt/ros/humble/share/rmw_implementation_cmake/cmake)
-- Found rmw_fastrtps_cpp: 6.2.7 (/opt/ros/humble/share/rmw_fastrtps_cpp/cmake)
-- Using RMW implementation 'rmw_fastrtps_cpp' as default
-- Found add_two_ints: 0.0.0 (/home/muneeb/Desktop/ROS2-Training/hands_on/03_service_client/install/add_two_ints/share/add_two_ints/cmake)
-- Found ament_cmake_ros: 0.10.0 (/opt/ros/humble/share/ament_cmake_ros/cmake)
-- Using all available rosidl_typesupport_c: rosidl_typesupport_fastrtps_c;rosidl_typesupport_introspection_c
-- Using all available rosidl_typesupport_cpp: rosidl_typesupport_fastrtps_cpp;rosidl_typesupport_introspection_cpp
-- Found python_cmake_module: 0.10.0 (/opt/ros/humble/share/python_cmake_module/cmake)
-- Using PYTHON_EXECUTABLE: /usr/bin/python3
-- Using PYTHON_INCLUDE_DIRS: /usr/include/python3.10
-- Using PYTHON_LIBRARIES: /usr/lib/x86_64-linux-gnu/libpython3.10.so
-- Found ament_lint_auto: 0.12.12 (/opt/ros/humble/share/ament_lint_auto/cmake)
-- Added test 'cppcheck' to perform static code analysis on C / C++ code
-- Configured cppcheck include dirs: 
-- Configured cppcheck exclude dirs and/or files: 
-- Added test 'lint_cmake' to check CMake code style
-- Added test 'uncrustify' to check C / C++ code style
-- Configured uncrustify additional arguments: 
-- Added test 'xmllint' to check XML markup files
-- Configuring done
-- Generating done
-- Build files have been written to: /home/muneeb/Desktop/ROS2-Training/hands_on/03_service_client/build/add_two_ints
[35m[1mConsolidate compiler generated dependencies of target add_two_ints__rosidl_generator_c[0m
[  2%] Built target add_two_ints__cpp
[ 11%] Built target add_two_ints__rosidl_generator_c
[ 14%] [32mBuilding CXX object CMakeFiles/add_two_ints_server.dir/src/add_two_ints_server.cpp.o[0m
[ 17%] [32mBuilding CXX object CMakeFiles/add_two_ints_client.dir/src/add_two_ints_client.cpp.o[0m
[35m[1mConsolidate compiler generated dependencies of target add_two_ints__rosidl_typesupport_fastrtps_cpp[0m
[ 17%] Built target ament_cmake_python_copy_add_two_ints
[35m[1mConsolidate compiler generated dependencies of target add_two_ints__rosidl_typesupport_introspection_cpp[0m
[35m[1mConsolidate compiler generated dependencies of target add_two_ints__rosidl_typesupport_cpp[0m
[ 25%] Built target add_two_ints__rosidl_typesupport_fastrtps_cpp
[35m[1mConsolidate compiler generated dependencies of target add_two_ints__rosidl_typesupport_c[0m
[ 34%] Built target add_two_ints__rosidl_typesupport_introspection_cpp
[ 42%] Built target add_two_ints__rosidl_typesupport_cpp
[35m[1mConsolidate compiler generated dependencies of target add_two_ints__rosidl_typesupport_fastrtps_c[0m
[35m[1mConsolidate compiler generated dependencies of target add_two_ints__rosidl_typesupport_introspection_c[0m
[ 51%] Built target add_two_ints__rosidl_typesupport_c
[ 60%] Built target add_two_ints__rosidl_typesupport_introspection_c
[ 68%] Built target add_two_ints__rosidl_typesupport_fastrtps_c
[ 68%] Built target add_two_ints
[ 71%] Built target add_two_ints__py
[35m[1mConsolidate compiler generated dependencies of target add_two_ints__rosidl_generator_py[0m
[ 77%] Built target add_two_ints__rosidl_generator_py
[35m[1mConsolidate compiler generated dependencies of target add_two_ints__rosidl_typesupport_c__pyext[0m
[35m[1mConsolidate compiler generated dependencies of target add_two_ints__rosidl_typesupport_fastrtps_c__pyext[0m
[35m[1mConsolidate compiler generated dependencies of target add_two_ints__rosidl_typesupport_introspection_c__pyext[0m
[ 82%] Built target add_two_ints__rosidl_typesupport_c__pyext
[ 88%] Built target add_two_ints__rosidl_typesupport_introspection_c__pyext
[ 94%] Built target add_two_ints__rosidl_typesupport_fastrtps_c__pyext
running egg_info
writing add_two_ints.egg-info/PKG-INFO
writing dependency_links to add_two_ints.egg-info/dependency_links.txt
writing top-level names to add_two_ints.egg-info/top_level.txt
reading manifest file 'add_two_ints.egg-info/SOURCES.txt'
writing manifest file 'add_two_ints.egg-info/SOURCES.txt'
[ 94%] Built target ament_cmake_python_build_add_two_ints_egg
[ 97%] [32m[1mLinking CXX executable add_two_ints_server[0m
[ 97%] Built target add_two_ints_server
[100%] [32m[1mLinking CXX executable add_two_ints_client[0m
[100%] Built target add_two_ints_client
-- Install configuration: ""
-- Up-to-date: /home/muneeb/Desktop/ROS2-Training/hands_on/03_service_client/install/add_two_ints/share/ament_index/resource_index/rosidl_interfaces/add_two_ints
-- Up-to-date: /home/muneeb/Desktop/ROS2-Training/hands_on/03_service_client/install/add_two_ints/include/add_two_ints/add_two_ints
-- Up-to-date: /home/muneeb/Desktop/ROS2-Training/hands_on/03_service_client/install/add_two_ints/include/add_two_ints/add_two_ints/srv
-- Up-to-date: /home/muneeb/Desktop/ROS2-Training/hands_on/03_service_client/install/add_two_ints/include/add_two_ints/add_two_ints/srv/detail
-- Up-to-date: /home/muneeb/Desktop/ROS2-Training/hands_on/03_service_client/install/add_two_ints/include/add_two_ints/add_two_ints/srv/detail/add_two_ints__struct.h
-- Up-to-date: /home/muneeb/Desktop/ROS2-Training/hands_on/03_service_client/install/add_two_ints/include/add_two_ints/add_two_ints/srv/detail/add_two_ints__functions.c
-- Up-to-date: /home/muneeb/Desktop/ROS2-Training/hands_on/03_service_client/install/add_two_ints/include/add_two_ints/add_two_ints/srv/detail/add_two_ints__functions.h
-- Up-to-date: /home/muneeb/Desktop/ROS2-Training/hands_on/03_service_client/install/add_two_ints/include/add_two_ints/add_two_ints/srv/detail/add_two_ints__type_support.h
-- Up-to-date: /home/muneeb/Desktop/ROS2-Training/hands_on/03_service_client/install/add_two_ints/include/add_two_ints/add_two_ints/srv/add_two_ints.h
-- Up-to-date: /home/muneeb/Desktop/ROS2-Training/hands_on/03_service_client/install/add_two_ints/include/add_two_ints/add_two_ints/msg
-- Up-to-date: /home/muneeb/Desktop/ROS2-Training/hands_on/03_service_client/install/add_two_ints/include/add_two_ints/add_two_ints/msg/rosidl_generator_c__visibility_control.h
-- Up-to-date: /home/muneeb/Desktop/ROS2-Training/hands_on/03_service_client/install/add_two_ints/share/add_two_ints/environment/library_path.sh
-- Installing: /home/muneeb/Desktop/ROS2-Training/hands_on/03_service_client/install/add_two_ints/share/add_two_ints/environment/library_path.dsv
-- Up-to-date: /home/muneeb/Desktop/ROS2-Training/hands_on/03_service_client/install/add_two_ints/lib/libadd_two_ints__rosidl_generator_c.so
-- Up-to-date: /home/muneeb/Desktop/ROS2-Training/hands_on/03_service_client/install/add_two_ints/include/add_two_ints/add_two_ints
-- Up-to-date: /home/muneeb/Desktop/ROS2-Training/hands_on/03_service_client/install/add_two_ints/include/add_two_ints/add_two_ints/srv
-- Up-to-date: /home/muneeb/Desktop/ROS2-Training/hands_on/03_service_client/install/add_two_ints/include/add_two_ints/add_two_ints/srv/detail
-- Up-to-date: /home/muneeb/Desktop/ROS2-Training/hands_on/03_service_client/install/add_two_ints/include/add_two_ints/add_two_ints/srv/detail/add_two_ints__rosidl_typesupport_fastrtps_c.h
-- Up-to-date: /home/muneeb/Desktop/ROS2-Training/hands_on/03_service_client/install/add_two_ints/include/add_two_ints/add_two_ints/msg
-- Up-to-date: /home/muneeb/Desktop/ROS2-Training/hands_on/03_service_client/install/add_two_ints/include/add_two_ints/add_two_ints/msg/rosidl_typesupport_fastrtps_c__visibility_control.h
-- Up-to-date: /home/muneeb/Desktop/ROS2-Training/hands_on/03_service_client/install/add_two_ints/lib/libadd_two_ints__rosidl_typesupport_fastrtps_c.so
-- Up-to-date: /home/muneeb/Desktop/ROS2-Training/hands_on/03_service_client/install/add_two_ints/include/add_two_ints/add_two_ints
-- Up-to-date: /home/muneeb/Desktop/ROS2-Training/hands_on/03_service_client/install/add_two_ints/include/add_two_ints/add_two_ints/srv
-- Up-to-date: /home/muneeb/Desktop/ROS2-Training/hands_on/03_service_client/install/add_two_ints/include/add_two_ints/add_two_ints/srv/detail
-- Up-to-date: /home/muneeb/Desktop/ROS2-Training/hands_on/03_service_client/install/add_two_ints/include/add_two_ints/add_two_ints/srv/detail/add_two_ints__rosidl_typesupport_introspection_c.h
-- Up-to-date: /home/muneeb/Desktop/ROS2-Training/hands_on/03_service_client/install/add_two_ints/include/add_two_ints/add_two_ints/srv/detail/add_two_ints__type_support.c
-- Up-to-date: /home/muneeb/Desktop/ROS2-Training/hands_on/03_service_client/install/add_two_ints/include/add_two_ints/add_two_ints/msg
-- Up-to-date: /home/muneeb/Desktop/ROS2-Training/hands_on/03_service_client/install/add_two_ints/include/add_two_ints/add_two_ints/msg/rosidl_typesupport_introspection_c__visibility_control.h
-- Up-to-date: /home/muneeb/Desktop/ROS2-Training/hands_on/03_service_client/install/add_two_ints/lib/libadd_two_ints__rosidl_typesupport_introspection_c.so
-- Up-to-date: /home/muneeb/Desktop/ROS2-Training/hands_on/03_service_client/install/add_two_ints/lib/libadd_two_ints__rosidl_typesupport_c.so
-- Up-to-date: /home/muneeb/Desktop/ROS2-Training/hands_on/03_service_client/install/add_two_ints/include/add_two_ints/add_two_ints
-- Up-to-date: /home/muneeb/Desktop/ROS2-Training/hands_on/03_service_client/install/add_two_ints/include/add_two_ints/add_two_ints/srv
-- Up-to-date: /home/muneeb/Desktop/ROS2-Training/hands_on/03_service_client/install/add_two_ints/include/add_two_ints/add_two_ints/srv/detail
-- Up-to-date: /home/muneeb/Desktop/ROS2-Training/hands_on/03_service_client/install/add_two_ints/include/add_two_ints/add_two_ints/srv/detail/add_two_ints__struct.hpp
-- Up-to-date: /home/muneeb/Desktop/ROS2-Training/hands_on/03_service_client/install/add_two_ints/include/add_two_ints/add_two_ints/srv/detail/add_two_ints__type_support.hpp
-- Up-to-date: /home/muneeb/Desktop/ROS2-Training/hands_on/03_service_client/install/add_two_ints/include/add_two_ints/add_two_ints/srv/detail/add_two_ints__traits.hpp
-- Up-to-date: /home/muneeb/Desktop/ROS2-Training/hands_on/03_service_client/install/add_two_ints/include/add_two_ints/add_two_ints/srv/detail/add_two_ints__builder.hpp
-- Up-to-date: /home/muneeb/Desktop/ROS2-Training/hands_on/03_service_client/install/add_two_ints/include/add_two_ints/add_two_ints/srv/add_two_ints.hpp
-- Up-to-date: /home/muneeb/Desktop/ROS2-Training/hands_on/03_service_client/install/add_two_ints/include/add_two_ints/add_two_ints/msg
-- Up-to-date: /home/muneeb/Desktop/ROS2-Training/hands_on/03_service_client/install/add_two_ints/include/add_two_ints/add_two_ints/msg/rosidl_generator_cpp__visibility_control.hpp
-- Up-to-date: /home/muneeb/Desktop/ROS2-Training/hands_on/03_service_client/install/add_two_ints/include/add_two_ints/add_two_ints
-- Up-to-date: /home/muneeb/Desktop/ROS2-Training/hands_on/03_service_client/install/add_two_ints/include/add_two_ints/add_two_ints/srv
-- Up-to-date: /home/muneeb/Desktop/ROS2-Training/hands_on/03_service_client/install/add_two_ints/include/add_two_ints/add_two_ints/srv/detail
-- Up-to-date: /home/muneeb/Desktop/ROS2-Training/hands_on/03_service_client/install/add_two_ints/include/add_two_ints/add_two_ints/srv/detail/add_two_ints__rosidl_typesupport_fastrtps_cpp.hpp
-- Up-to-date: /home/muneeb/Desktop/ROS2-Training/hands_on/03_service_client/install/add_two_ints/include/add_two_ints/add_two_ints/srv/detail/dds_fastrtps
-- Up-to-date: /home/muneeb/Desktop/ROS2-Training/hands_on/03_service_client/install/add_two_ints/include/add_two_ints/add_two_ints/msg
-- Up-to-date: /home/muneeb/Desktop/ROS2-Training/hands_on/03_service_client/install/add_two_ints/include/add_two_ints/add_two_ints/msg/rosidl_typesupport_fastrtps_cpp__visibility_control.h
-- Up-to-date: /home/muneeb/Desktop/ROS2-Training/hands_on/03_service_client/install/add_two_ints/lib/libadd_two_ints__rosidl_typesupport_fastrtps_cpp.so
-- Up-to-date: /home/muneeb/Desktop/ROS2-Training/hands_on/03_service_client/install/add_two_ints/include/add_two_ints/add_two_ints
-- Up-to-date: /home/muneeb/Desktop/ROS2-Training/hands_on/03_service_client/install/add_two_ints/include/add_two_ints/add_two_ints/srv
-- Up-to-date: /home/muneeb/Desktop/ROS2-Training/hands_on/03_service_client/install/add_two_ints/include/add_two_ints/add_two_ints/srv/detail
-- Up-to-date: /home/muneeb/Desktop/ROS2-Training/hands_on/03_service_client/install/add_two_ints/include/add_two_ints/add_two_ints/srv/detail/add_two_ints__rosidl_typesupport_introspection_cpp.hpp
-- Up-to-date: /home/muneeb/Desktop/ROS2-Training/hands_on/03_service_client/install/add_two_ints/include/add_two_ints/add_two_ints/srv/detail/add_two_ints__type_support.cpp
-- Up-to-date: /home/muneeb/Desktop/ROS2-Training/hands_on/03_service_client/install/add_two_ints/lib/libadd_two_ints__rosidl_typesupport_introspection_cpp.so
-- Up-to-date: /home/muneeb/Desktop/ROS2-Training/hands_on/03_service_client/install/add_two_ints/lib/libadd_two_ints__rosidl_typesupport_cpp.so
-- Up-to-date: /home/muneeb/Desktop/ROS2-Training/hands_on/03_service_client/install/add_two_ints/share/add_two_ints/environment/pythonpath.sh
-- Installing: /home/muneeb/Desktop/ROS2-Training/hands_on/03_service_client/install/add_two_ints/share/add_two_ints/environment/pythonpath.dsv
-- Up-to-date: /home/muneeb/Desktop/ROS2-Training/hands_on/03_service_client/install/add_two_ints/local/lib/python3.10/dist-packages/add_two_ints-0.0.0-py3.10.egg-info
-- Installing: /home/muneeb/Desktop/ROS2-Training/hands_on/03_service_client/install/add_two_ints/local/lib/python3.10/dist-packages/add_two_ints-0.0.0-py3.10.egg-info/dependency_links.txt
-- Installing: /home/muneeb/Desktop/ROS2-Training/hands_on/03_service_client/install/add_two_ints/local/lib/python3.10/dist-packages/add_two_ints-0.0.0-py3.10.egg-info/PKG-INFO
-- Installing: /home/muneeb/Desktop/ROS2-Training/hands_on/03_service_client/install/add_two_ints/local/lib/python3.10/dist-packages/add_two_ints-0.0.0-py3.10.egg-info/top_level.txt
-- Installing: /home/muneeb/Desktop/ROS2-Training/hands_on/03_service_client/install/add_two_ints/local/lib/python3.10/dist-packages/add_two_ints-0.0.0-py3.10.egg-info/SOURCES.txt
-- Up-to-date: /home/muneeb/Desktop/ROS2-Training/hands_on/03_service_client/install/add_two_ints/local/lib/python3.10/dist-packages/add_two_ints
-- Up-to-date: /home/muneeb/Desktop/ROS2-Training/hands_on/03_service_client/install/add_two_ints/local/lib/python3.10/dist-packages/add_two_ints/libadd_two_ints__rosidl_generator_py.so
-- Up-to-date: /home/muneeb/Desktop/ROS2-Training/hands_on/03_service_client/install/add_two_ints/local/lib/python3.10/dist-packages/add_two_ints/add_two_ints_s__rosidl_typesupport_fastrtps_c.cpython-310-x86_64-linux-gnu.so
-- Up-to-date: /home/muneeb/Desktop/ROS2-Training/hands_on/03_service_client/install/add_two_ints/local/lib/python3.10/dist-packages/add_two_ints/add_two_ints_s__rosidl_typesupport_introspection_c.cpython-310-x86_64-linux-gnu.so
-- Up-to-date: /home/muneeb/Desktop/ROS2-Training/hands_on/03_service_client/install/add_two_ints/local/lib/python3.10/dist-packages/add_two_ints/_add_two_ints_s.ep.rosidl_typesupport_c.c
-- Installing: /home/muneeb/Desktop/ROS2-Training/hands_on/03_service_client/install/add_two_ints/local/lib/python3.10/dist-packages/add_two_ints/__init__.py
-- Up-to-date: /home/muneeb/Desktop/ROS2-Training/hands_on/03_service_client/install/add_two_ints/local/lib/python3.10/dist-packages/add_two_ints/srv
-- Up-to-date: /home/muneeb/Desktop/ROS2-Training/hands_on/03_service_client/install/add_two_ints/local/lib/python3.10/dist-packages/add_two_ints/srv/_add_two_ints.py
-- Up-to-date: /home/muneeb/Desktop/ROS2-Training/hands_on/03_service_client/install/add_two_ints/local/lib/python3.10/dist-packages/add_two_ints/srv/__init__.py
-- Up-to-date: /home/muneeb/Desktop/ROS2-Training/hands_on/03_service_client/install/add_two_ints/local/lib/python3.10/dist-packages/add_two_ints/srv/_add_two_ints_s.c
-- Up-to-date: /home/muneeb/Desktop/ROS2-Training/hands_on/03_service_client/install/add_two_ints/local/lib/python3.10/dist-packages/add_two_ints/_add_two_ints_s.ep.rosidl_typesupport_fastrtps_c.c
-- Up-to-date: /home/muneeb/Desktop/ROS2-Training/hands_on/03_service_client/install/add_two_ints/local/lib/python3.10/dist-packages/add_two_ints/add_two_ints_s__rosidl_typesupport_c.cpython-310-x86_64-linux-gnu.so
-- Up-to-date: /home/muneeb/Desktop/ROS2-Training/hands_on/03_service_client/install/add_two_ints/local/lib/python3.10/dist-packages/add_two_ints/_add_two_ints_s.ep.rosidl_typesupport_introspection_c.c
Listing '/home/muneeb/Desktop/ROS2-Training/hands_on/03_service_client/install/add_two_ints/local/lib/python3.10/dist-packages/add_two_ints'...
Compiling '/home/muneeb/Desktop/ROS2-Training/hands_on/03_service_client/install/add_two_ints/local/lib/python3.10/dist-packages/add_two_ints/__init__.py'...
Listing '/home/muneeb/Desktop/ROS2-Training/hands_on/03_service_client/install/add_two_ints/local/lib/python3.10/dist-packages/add_two_ints/srv'...
-- Up-to-date: /home/muneeb/Desktop/ROS2-Training/hands_on/03_service_client/install/add_two_ints/local/lib/python3.10/dist-packages/add_two_ints/add_two_ints_s__rosidl_typesupport_fastrtps_c.cpython-310-x86_64-linux-gnu.so
-- Up-to-date: /home/muneeb/Desktop/ROS2-Training/hands_on/03_service_client/install/add_two_ints/local/lib/python3.10/dist-packages/add_two_ints/add_two_ints_s__rosidl_typesupport_introspection_c.cpython-310-x86_64-linux-gnu.so
-- Up-to-date: /home/muneeb/Desktop/ROS2-Training/hands_on/03_service_client/install/add_two_ints/local/lib/python3.10/dist-packages/add_two_ints/add_two_ints_s__rosidl_typesupport_c.cpython-310-x86_64-linux-gnu.so
-- Up-to-date: /home/muneeb/Desktop/ROS2-Training/hands_on/03_service_client/install/add_two_ints/lib/libadd_two_ints__rosidl_generator_py.so
-- Up-to-date: /home/muneeb/Desktop/ROS2-Training/hands_on/03_service_client/install/add_two_ints/share/add_two_ints/srv/AddTwoInts.idl
-- Up-to-date: /home/muneeb/Desktop/ROS2-Training/hands_on/03_service_client/install/add_two_ints/share/add_two_ints/srv/AddTwoInts.srv
-- Up-to-date: /home/muneeb/Desktop/ROS2-Training/hands_on/03_service_client/install/add_two_ints/share/add_two_ints/srv/AddTwoInts_Request.msg
-- Up-to-date: /home/muneeb/Desktop/ROS2-Training/hands_on/03_service_client/install/add_two_ints/share/add_two_ints/srv/AddTwoInts_Response.msg
-- Installing: /home/muneeb/Desktop/ROS2-Training/hands_on/03_service_client/install/add_two_ints/lib/add_two_ints/add_two_ints_client
-- Set runtime path of "/home/muneeb/Desktop/ROS2-Training/hands_on/03_service_client/install/add_two_ints/lib/add_two_ints/add_two_ints_client" to ""
-- Installing: /home/muneeb/Desktop/ROS2-Training/hands_on/03_service_client/install/add_two_ints/lib/add_two_ints/add_two_ints_server
-- Set runtime path of "/home/muneeb/Desktop/ROS2-Training/hands_on/03_service_client/install/add_two_ints/lib/add_two_ints/add_two_ints_server" to ""
-- Up-to-date: /home/muneeb/Desktop/ROS2-Training/hands_on/03_service_client/install/add_two_ints/share/ament_index/resource_index/package_run_dependencies/add_two_ints
-- Up-to-date: /home/muneeb/Desktop/ROS2-Training/hands_on/03_service_client/install/add_two_ints/share/ament_index/resource_index/parent_prefix_path/add_two_ints
-- Up-to-date: /home/muneeb/Desktop/ROS2-Training/hands_on/03_service_client/install/add_two_ints/share/add_two_ints/environment/ament_prefix_path.sh
-- Installing: /home/muneeb/Desktop/ROS2-Training/hands_on/03_service_client/install/add_two_ints/share/add_two_ints/environment/ament_prefix_path.dsv
-- Up-to-date: /home/muneeb/Desktop/ROS2-Training/hands_on/03_service_client/install/add_two_ints/share/add_two_ints/environment/path.sh
-- Installing: /home/muneeb/Desktop/ROS2-Training/hands_on/03_service_client/install/add_two_ints/share/add_two_ints/environment/path.dsv
-- Up-to-date: /home/muneeb/Desktop/ROS2-Training/hands_on/03_service_client/install/add_two_ints/share/add_two_ints/local_setup.bash
-- Up-to-date: /home/muneeb/Desktop/ROS2-Training/hands_on/03_service_client/install/add_two_ints/share/add_two_ints/local_setup.sh
-- Up-to-date: /home/muneeb/Desktop/ROS2-Training/hands_on/03_service_client/install/add_two_ints/share/add_two_ints/local_setup.zsh
-- Installing: /home/muneeb/Desktop/ROS2-Training/hands_on/03_service_client/install/add_two_ints/share/add_two_ints/local_setup.dsv
-- Installing: /home/muneeb/Desktop/ROS2-Training/hands_on/03_service_client/install/add_two_ints/share/add_two_ints/package.dsv
-- Up-to-date: /home/muneeb/Desktop/ROS2-Training/hands_on/03_service_client/install/add_two_ints/share/ament_index/resource_index/packages/add_two_ints
-- Up-to-date: /home/muneeb/Desktop/ROS2-Training/hands_on/03_service_client/install/add_two_ints/share/add_two_ints/cmake/export_add_two_ints__rosidl_generator_cExport.cmake
-- Up-to-date: /home/muneeb/Desktop/ROS2-Training/hands_on/03_service_client/install/add_two_ints/share/add_two_ints/cmake/export_add_two_ints__rosidl_generator_cExport-noconfig.cmake
-- Up-to-date: /home/muneeb/Desktop/ROS2-Training/hands_on/03_service_client/install/add_two_ints/share/add_two_ints/cmake/export_add_two_ints__rosidl_typesupport_fastrtps_cExport.cmake
-- Up-to-date: /home/muneeb/Desktop/ROS2-Training/hands_on/03_service_client/install/add_two_ints/share/add_two_ints/cmake/export_add_two_ints__rosidl_typesupport_fastrtps_cExport-noconfig.cmake
-- Up-to-date: /home/muneeb/Desktop/ROS2-Training/hands_on/03_service_client/install/add_two_ints/share/add_two_ints/cmake/add_two_ints__rosidl_typesupport_introspection_cExport.cmake
-- Up-to-date: /home/muneeb/Desktop/ROS2-Training/hands_on/03_service_client/install/add_two_ints/share/add_two_ints/cmake/add_two_ints__rosidl_typesupport_introspection_cExport-noconfig.cmake
-- Up-to-date: /home/muneeb/Desktop/ROS2-Training/hands_on/03_service_client/install/add_two_ints/share/add_two_ints/cmake/add_two_ints__rosidl_typesupport_cExport.cmake
-- Up-to-date: /home/muneeb/Desktop/ROS2-Training/hands_on/03_service_client/install/add_two_ints/share/add_two_ints/cmake/add_two_ints__rosidl_typesupport_cExport-noconfig.cmake
-- Up-to-date: /home/muneeb/Desktop/ROS2-Training/hands_on/03_service_client/install/add_two_ints/share/add_two_ints/cmake/export_add_two_ints__rosidl_generator_cppExport.cmake
-- Up-to-date: /home/muneeb/Desktop/ROS2-Training/hands_on/03_service_client/install/add_two_ints/share/add_two_ints/cmake/export_add_two_ints__rosidl_typesupport_fastrtps_cppExport.cmake
-- Up-to-date: /home/muneeb/Desktop/ROS2-Training/hands_on/03_service_client/install/add_two_ints/share/add_two_ints/cmake/export_add_two_ints__rosidl_typesupport_fastrtps_cppExport-noconfig.cmake
-- Up-to-date: /home/muneeb/Desktop/ROS2-Training/hands_on/03_service_client/install/add_two_ints/share/add_two_ints/cmake/add_two_ints__rosidl_typesupport_introspection_cppExport.cmake
-- Up-to-date: /home/muneeb/Desktop/ROS2-Training/hands_on/03_service_client/install/add_two_ints/share/add_two_ints/cmake/add_two_ints__rosidl_typesupport_introspection_cppExport-noconfig.cmake
-- Up-to-date: /home/muneeb/Desktop/ROS2-Training/hands_on/03_service_client/install/add_two_ints/share/add_two_ints/cmake/add_two_ints__rosidl_typesupport_cppExport.cmake
-- Up-to-date: /home/muneeb/Desktop/ROS2-Training/hands_on/03_service_client/install/add_two_ints/share/add_two_ints/cmake/add_two_ints__rosidl_typesupport_cppExport-noconfig.cmake
-- Up-to-date: /home/muneeb/Desktop/ROS2-Training/hands_on/03_service_client/install/add_two_ints/share/add_two_ints/cmake/export_add_two_ints__rosidl_generator_pyExport.cmake
-- Up-to-date: /home/muneeb/Desktop/ROS2-Training/hands_on/03_service_client/install/add_two_ints/share/add_two_ints/cmake/export_add_two_ints__rosidl_generator_pyExport-noconfig.cmake
-- Up-to-date: /home/muneeb/Desktop/ROS2-Training/hands_on/03_service_client/install/add_two_ints/share/add_two_ints/cmake/rosidl_cmake-extras.cmake
-- Up-to-date: /home/muneeb/Desktop/ROS2-Training/hands_on/03_service_client/install/add_two_ints/share/add_two_ints/cmake/ament_cmake_export_include_directories-extras.cmake
-- Up-to-date: /home/muneeb/Desktop/ROS2-Training/hands_on/03_service_client/install/add_two_ints/share/add_two_ints/cmake/ament_cmake_export_libraries-extras.cmake
-- Up-to-date: /home/muneeb/Desktop/ROS2-Training/hands_on/03_service_client/install/add_two_ints/share/add_two_ints/cmake/ament_cmake_export_targets-extras.cmake
-- Up-to-date: /home/muneeb/Desktop/ROS2-Training/hands_on/03_service_client/install/add_two_ints/share/add_two_ints/cmake/rosidl_cmake_export_typesupport_targets-extras.cmake
-- Up-to-date: /home/muneeb/Desktop/ROS2-Training/hands_on/03_service_client/install/add_two_ints/share/add_two_ints/cmake/ament_cmake_export_dependencies-extras.cmake
-- Up-to-date: /home/muneeb/Desktop/ROS2-Training/hands_on/03_service_client/install/add_two_ints/share/add_two_ints/cmake/rosidl_cmake_export_typesupport_libraries-extras.cmake
-- Up-to-date: /home/muneeb/Desktop/ROS2-Training/hands_on/03_service_client/install/add_two_ints/share/add_two_ints/cmake/add_two_intsConfig.cmake
-- Up-to-date: /home/muneeb/Desktop/ROS2-Training/hands_on/03_service_client/install/add_two_ints/share/add_two_ints/cmake/add_two_intsConfig-version.cmake
-- Up-to-date: /home/muneeb/Desktop/ROS2-Training/hands_on/03_service_client/install/add_two_ints/share/add_two_ints/package.xml
