[0.011s] Invoking command in '/home/muneeb/Desktop/ROS2-Training/hands_on/03_service_client/build/add_two_ints': CMAKE_PREFIX_PATH=${CMAKE_PREFIX_PATH}:/opt/ros/humble /usr/bin/cmake --build /home/muneeb/Desktop/ROS2-Training/hands_on/03_service_client/build/add_two_ints -- -j8 -l8
[0.034s] -- Found ament_cmake: 1.3.11 (/opt/ros/humble/share/ament_cmake/cmake)
[0.158s] -- Found rosidl_default_generators: 1.2.0 (/opt/ros/humble/share/rosidl_default_generators/cmake)
[0.160s] -- Using all available rosidl_typesupport_c: rosidl_typesupport_fastrtps_c;rosidl_typesupport_introspection_c
[0.162s] -- Found rosidl_adapter: 3.1.6 (/opt/ros/humble/share/rosidl_adapter/cmake)
[0.202s] -- Using all available rosidl_typesupport_cpp: rosidl_typesupport_fastrtps_cpp;rosidl_typesupport_introspection_cpp
[0.229s] -- Found rclcpp: 16.0.12 (/opt/ros/humble/share/rclcpp/cmake)
[0.265s] -- Found rmw_implementation_cmake: 6.1.2 (/opt/ros/humble/share/rmw_implementation_cmake/cmake)
[0.266s] -- Found rmw_fastrtps_cpp: 6.2.7 (/opt/ros/humble/share/rmw_fastrtps_cpp/cmake)
[0.368s] -- Using RMW implementation 'rmw_fastrtps_cpp' as default
[0.417s] -- Found add_two_ints: 0.0.0 (/home/muneeb/Desktop/ROS2-Training/hands_on/03_service_client/install/add_two_ints/share/add_two_ints/cmake)
[0.670s] -- Found ament_cmake_ros: 0.10.0 (/opt/ros/humble/share/ament_cmake_ros/cmake)
[0.845s] -- Using all available rosidl_typesupport_c: rosidl_typesupport_fastrtps_c;rosidl_typesupport_introspection_c
[1.084s] -- Using all available rosidl_typesupport_cpp: rosidl_typesupport_fastrtps_cpp;rosidl_typesupport_introspection_cpp
[1.106s] -- Found python_cmake_module: 0.10.0 (/opt/ros/humble/share/python_cmake_module/cmake)
[1.130s] -- Using PYTHON_EXECUTABLE: /usr/bin/python3
[1.130s] -- Using PYTHON_INCLUDE_DIRS: /usr/include/python3.10
[1.130s] -- Using PYTHON_LIBRARIES: /usr/lib/x86_64-linux-gnu/libpython3.10.so
[1.159s] -- Found ament_lint_auto: 0.12.12 (/opt/ros/humble/share/ament_lint_auto/cmake)
[1.175s] -- Added test 'cppcheck' to perform static code analysis on C / C++ code
[1.176s] -- Configured cppcheck include dirs: 
[1.176s] -- Configured cppcheck exclude dirs and/or files: 
[1.177s] -- Added test 'lint_cmake' to check CMake code style
[1.178s] -- Added test 'uncrustify' to check C / C++ code style
[1.178s] -- Configured uncrustify additional arguments: 
[1.178s] -- Added test 'xmllint' to check XML markup files
[1.181s] -- Configuring done
[1.221s] -- Generating done
[1.235s] -- Build files have been written to: /home/muneeb/Desktop/ROS2-Training/hands_on/03_service_client/build/add_two_ints
[1.267s] [35m[1mConsolidate compiler generated dependencies of target add_two_ints__rosidl_generator_c[0m
[1.278s] [  2%] Built target add_two_ints__cpp
[1.278s] [ 11%] Built target add_two_ints__rosidl_generator_c
[1.279s] [ 14%] [32mBuilding CXX object CMakeFiles/add_two_ints_server.dir/src/add_two_ints_server.cpp.o[0m
[1.286s] [ 17%] [32mBuilding CXX object CMakeFiles/add_two_ints_client.dir/src/add_two_ints_client.cpp.o[0m
[1.289s] [35m[1mConsolidate compiler generated dependencies of target add_two_ints__rosidl_typesupport_fastrtps_cpp[0m
[1.291s] [ 17%] Built target ament_cmake_python_copy_add_two_ints
[1.291s] [35m[1mConsolidate compiler generated dependencies of target add_two_ints__rosidl_typesupport_introspection_cpp[0m
[1.291s] [35m[1mConsolidate compiler generated dependencies of target add_two_ints__rosidl_typesupport_cpp[0m
[1.306s] [ 25%] Built target add_two_ints__rosidl_typesupport_fastrtps_cpp
[1.307s] [35m[1mConsolidate compiler generated dependencies of target add_two_ints__rosidl_typesupport_c[0m
[1.307s] [ 34%] Built target add_two_ints__rosidl_typesupport_introspection_cpp
[1.309s] [ 42%] Built target add_two_ints__rosidl_typesupport_cpp
[1.310s] [35m[1mConsolidate compiler generated dependencies of target add_two_ints__rosidl_typesupport_fastrtps_c[0m
[1.312s] [35m[1mConsolidate compiler generated dependencies of target add_two_ints__rosidl_typesupport_introspection_c[0m
[1.318s] [ 51%] Built target add_two_ints__rosidl_typesupport_c
[1.325s] [ 60%] Built target add_two_ints__rosidl_typesupport_introspection_c
[1.330s] [ 68%] Built target add_two_ints__rosidl_typesupport_fastrtps_c
[1.350s] [ 68%] Built target add_two_ints
[1.370s] [ 71%] Built target add_two_ints__py
[1.381s] [35m[1mConsolidate compiler generated dependencies of target add_two_ints__rosidl_generator_py[0m
[1.393s] [ 77%] Built target add_two_ints__rosidl_generator_py
[1.404s] [35m[1mConsolidate compiler generated dependencies of target add_two_ints__rosidl_typesupport_c__pyext[0m
[1.407s] [35m[1mConsolidate compiler generated dependencies of target add_two_ints__rosidl_typesupport_fastrtps_c__pyext[0m
[1.407s] [35m[1mConsolidate compiler generated dependencies of target add_two_ints__rosidl_typesupport_introspection_c__pyext[0m
[1.419s] [ 82%] Built target add_two_ints__rosidl_typesupport_c__pyext
[1.424s] [ 88%] Built target add_two_ints__rosidl_typesupport_introspection_c__pyext
[1.425s] [ 94%] Built target add_two_ints__rosidl_typesupport_fastrtps_c__pyext
[1.576s] running egg_info
[1.577s] writing add_two_ints.egg-info/PKG-INFO
[1.577s] writing dependency_links to add_two_ints.egg-info/dependency_links.txt
[1.577s] writing top-level names to add_two_ints.egg-info/top_level.txt
[1.580s] reading manifest file 'add_two_ints.egg-info/SOURCES.txt'
[1.580s] writing manifest file 'add_two_ints.egg-info/SOURCES.txt'
[1.616s] [ 94%] Built target ament_cmake_python_build_add_two_ints_egg
[4.733s] [ 97%] [32m[1mLinking CXX executable add_two_ints_server[0m
[4.891s] [ 97%] Built target add_two_ints_server
[4.917s] [100%] [32m[1mLinking CXX executable add_two_ints_client[0m
[5.075s] [100%] Built target add_two_ints_client
[5.087s] Invoked command in '/home/muneeb/Desktop/ROS2-Training/hands_on/03_service_client/build/add_two_ints' returned '0': CMAKE_PREFIX_PATH=${CMAKE_PREFIX_PATH}:/opt/ros/humble /usr/bin/cmake --build /home/muneeb/Desktop/ROS2-Training/hands_on/03_service_client/build/add_two_ints -- -j8 -l8
[5.097s] Invoking command in '/home/muneeb/Desktop/ROS2-Training/hands_on/03_service_client/build/add_two_ints': CMAKE_PREFIX_PATH=${CMAKE_PREFIX_PATH}:/opt/ros/humble /usr/bin/cmake --install /home/muneeb/Desktop/ROS2-Training/hands_on/03_service_client/build/add_two_ints
[5.104s] -- Install configuration: ""
[5.105s] -- Up-to-date: /home/muneeb/Desktop/ROS2-Training/hands_on/03_service_client/install/add_two_ints/share/ament_index/resource_index/rosidl_interfaces/add_two_ints
[5.105s] -- Up-to-date: /home/muneeb/Desktop/ROS2-Training/hands_on/03_service_client/install/add_two_ints/include/add_two_ints/add_two_ints
[5.105s] -- Up-to-date: /home/muneeb/Desktop/ROS2-Training/hands_on/03_service_client/install/add_two_ints/include/add_two_ints/add_two_ints/srv
[5.105s] -- Up-to-date: /home/muneeb/Desktop/ROS2-Training/hands_on/03_service_client/install/add_two_ints/include/add_two_ints/add_two_ints/srv/detail
[5.105s] -- Up-to-date: /home/muneeb/Desktop/ROS2-Training/hands_on/03_service_client/install/add_two_ints/include/add_two_ints/add_two_ints/srv/detail/add_two_ints__struct.h
[5.105s] -- Up-to-date: /home/muneeb/Desktop/ROS2-Training/hands_on/03_service_client/install/add_two_ints/include/add_two_ints/add_two_ints/srv/detail/add_two_ints__functions.c
[5.105s] -- Up-to-date: /home/muneeb/Desktop/ROS2-Training/hands_on/03_service_client/install/add_two_ints/include/add_two_ints/add_two_ints/srv/detail/add_two_ints__functions.h
[5.105s] -- Up-to-date: /home/muneeb/Desktop/ROS2-Training/hands_on/03_service_client/install/add_two_ints/include/add_two_ints/add_two_ints/srv/detail/add_two_ints__type_support.h
[5.105s] -- Up-to-date: /home/muneeb/Desktop/ROS2-Training/hands_on/03_service_client/install/add_two_ints/include/add_two_ints/add_two_ints/srv/add_two_ints.h
[5.105s] -- Up-to-date: /home/muneeb/Desktop/ROS2-Training/hands_on/03_service_client/install/add_two_ints/include/add_two_ints/add_two_ints/msg
[5.105s] -- Up-to-date: /home/muneeb/Desktop/ROS2-Training/hands_on/03_service_client/install/add_two_ints/include/add_two_ints/add_two_ints/msg/rosidl_generator_c__visibility_control.h
[5.105s] -- Up-to-date: /home/muneeb/Desktop/ROS2-Training/hands_on/03_service_client/install/add_two_ints/share/add_two_ints/environment/library_path.sh
[5.106s] -- Installing: /home/muneeb/Desktop/ROS2-Training/hands_on/03_service_client/install/add_two_ints/share/add_two_ints/environment/library_path.dsv
[5.106s] -- Up-to-date: /home/muneeb/Desktop/ROS2-Training/hands_on/03_service_client/install/add_two_ints/lib/libadd_two_ints__rosidl_generator_c.so
[5.106s] -- Up-to-date: /home/muneeb/Desktop/ROS2-Training/hands_on/03_service_client/install/add_two_ints/include/add_two_ints/add_two_ints
[5.106s] -- Up-to-date: /home/muneeb/Desktop/ROS2-Training/hands_on/03_service_client/install/add_two_ints/include/add_two_ints/add_two_ints/srv
[5.106s] -- Up-to-date: /home/muneeb/Desktop/ROS2-Training/hands_on/03_service_client/install/add_two_ints/include/add_two_ints/add_two_ints/srv/detail
[5.106s] -- Up-to-date: /home/muneeb/Desktop/ROS2-Training/hands_on/03_service_client/install/add_two_ints/include/add_two_ints/add_two_ints/srv/detail/add_two_ints__rosidl_typesupport_fastrtps_c.h
[5.106s] -- Up-to-date: /home/muneeb/Desktop/ROS2-Training/hands_on/03_service_client/install/add_two_ints/include/add_two_ints/add_two_ints/msg
[5.106s] -- Up-to-date: /home/muneeb/Desktop/ROS2-Training/hands_on/03_service_client/install/add_two_ints/include/add_two_ints/add_two_ints/msg/rosidl_typesupport_fastrtps_c__visibility_control.h
[5.106s] -- Up-to-date: /home/muneeb/Desktop/ROS2-Training/hands_on/03_service_client/install/add_two_ints/lib/libadd_two_ints__rosidl_typesupport_fastrtps_c.so
[5.106s] -- Up-to-date: /home/muneeb/Desktop/ROS2-Training/hands_on/03_service_client/install/add_two_ints/include/add_two_ints/add_two_ints
[5.106s] -- Up-to-date: /home/muneeb/Desktop/ROS2-Training/hands_on/03_service_client/install/add_two_ints/include/add_two_ints/add_two_ints/srv
[5.106s] -- Up-to-date: /home/muneeb/Desktop/ROS2-Training/hands_on/03_service_client/install/add_two_ints/include/add_two_ints/add_two_ints/srv/detail
[5.106s] -- Up-to-date: /home/muneeb/Desktop/ROS2-Training/hands_on/03_service_client/install/add_two_ints/include/add_two_ints/add_two_ints/srv/detail/add_two_ints__rosidl_typesupport_introspection_c.h
[5.106s] -- Up-to-date: /home/muneeb/Desktop/ROS2-Training/hands_on/03_service_client/install/add_two_ints/include/add_two_ints/add_two_ints/srv/detail/add_two_ints__type_support.c
[5.106s] -- Up-to-date: /home/muneeb/Desktop/ROS2-Training/hands_on/03_service_client/install/add_two_ints/include/add_two_ints/add_two_ints/msg
[5.107s] -- Up-to-date: /home/muneeb/Desktop/ROS2-Training/hands_on/03_service_client/install/add_two_ints/include/add_two_ints/add_two_ints/msg/rosidl_typesupport_introspection_c__visibility_control.h
[5.107s] -- Up-to-date: /home/muneeb/Desktop/ROS2-Training/hands_on/03_service_client/install/add_two_ints/lib/libadd_two_ints__rosidl_typesupport_introspection_c.so
[5.107s] -- Up-to-date: /home/muneeb/Desktop/ROS2-Training/hands_on/03_service_client/install/add_two_ints/lib/libadd_two_ints__rosidl_typesupport_c.so
[5.107s] -- Up-to-date: /home/muneeb/Desktop/ROS2-Training/hands_on/03_service_client/install/add_two_ints/include/add_two_ints/add_two_ints
[5.107s] -- Up-to-date: /home/muneeb/Desktop/ROS2-Training/hands_on/03_service_client/install/add_two_ints/include/add_two_ints/add_two_ints/srv
[5.107s] -- Up-to-date: /home/muneeb/Desktop/ROS2-Training/hands_on/03_service_client/install/add_two_ints/include/add_two_ints/add_two_ints/srv/detail
[5.107s] -- Up-to-date: /home/muneeb/Desktop/ROS2-Training/hands_on/03_service_client/install/add_two_ints/include/add_two_ints/add_two_ints/srv/detail/add_two_ints__struct.hpp
[5.107s] -- Up-to-date: /home/muneeb/Desktop/ROS2-Training/hands_on/03_service_client/install/add_two_ints/include/add_two_ints/add_two_ints/srv/detail/add_two_ints__type_support.hpp
[5.107s] -- Up-to-date: /home/muneeb/Desktop/ROS2-Training/hands_on/03_service_client/install/add_two_ints/include/add_two_ints/add_two_ints/srv/detail/add_two_ints__traits.hpp
[5.107s] -- Up-to-date: /home/muneeb/Desktop/ROS2-Training/hands_on/03_service_client/install/add_two_ints/include/add_two_ints/add_two_ints/srv/detail/add_two_ints__builder.hpp
[5.107s] -- Up-to-date: /home/muneeb/Desktop/ROS2-Training/hands_on/03_service_client/install/add_two_ints/include/add_two_ints/add_two_ints/srv/add_two_ints.hpp
[5.107s] -- Up-to-date: /home/muneeb/Desktop/ROS2-Training/hands_on/03_service_client/install/add_two_ints/include/add_two_ints/add_two_ints/msg
[5.107s] -- Up-to-date: /home/muneeb/Desktop/ROS2-Training/hands_on/03_service_client/install/add_two_ints/include/add_two_ints/add_two_ints/msg/rosidl_generator_cpp__visibility_control.hpp
[5.107s] -- Up-to-date: /home/muneeb/Desktop/ROS2-Training/hands_on/03_service_client/install/add_two_ints/include/add_two_ints/add_two_ints
[5.107s] -- Up-to-date: /home/muneeb/Desktop/ROS2-Training/hands_on/03_service_client/install/add_two_ints/include/add_two_ints/add_two_ints/srv
[5.108s] -- Up-to-date: /home/muneeb/Desktop/ROS2-Training/hands_on/03_service_client/install/add_two_ints/include/add_two_ints/add_two_ints/srv/detail
[5.108s] -- Up-to-date: /home/muneeb/Desktop/ROS2-Training/hands_on/03_service_client/install/add_two_ints/include/add_two_ints/add_two_ints/srv/detail/add_two_ints__rosidl_typesupport_fastrtps_cpp.hpp
[5.108s] -- Up-to-date: /home/muneeb/Desktop/ROS2-Training/hands_on/03_service_client/install/add_two_ints/include/add_two_ints/add_two_ints/srv/detail/dds_fastrtps
[5.108s] -- Up-to-date: /home/muneeb/Desktop/ROS2-Training/hands_on/03_service_client/install/add_two_ints/include/add_two_ints/add_two_ints/msg
[5.108s] -- Up-to-date: /home/muneeb/Desktop/ROS2-Training/hands_on/03_service_client/install/add_two_ints/include/add_two_ints/add_two_ints/msg/rosidl_typesupport_fastrtps_cpp__visibility_control.h
[5.108s] -- Up-to-date: /home/muneeb/Desktop/ROS2-Training/hands_on/03_service_client/install/add_two_ints/lib/libadd_two_ints__rosidl_typesupport_fastrtps_cpp.so
[5.108s] -- Up-to-date: /home/muneeb/Desktop/ROS2-Training/hands_on/03_service_client/install/add_two_ints/include/add_two_ints/add_two_ints
[5.108s] -- Up-to-date: /home/muneeb/Desktop/ROS2-Training/hands_on/03_service_client/install/add_two_ints/include/add_two_ints/add_two_ints/srv
[5.108s] -- Up-to-date: /home/muneeb/Desktop/ROS2-Training/hands_on/03_service_client/install/add_two_ints/include/add_two_ints/add_two_ints/srv/detail
[5.108s] -- Up-to-date: /home/muneeb/Desktop/ROS2-Training/hands_on/03_service_client/install/add_two_ints/include/add_two_ints/add_two_ints/srv/detail/add_two_ints__rosidl_typesupport_introspection_cpp.hpp
[5.108s] -- Up-to-date: /home/muneeb/Desktop/ROS2-Training/hands_on/03_service_client/install/add_two_ints/include/add_two_ints/add_two_ints/srv/detail/add_two_ints__type_support.cpp
[5.108s] -- Up-to-date: /home/muneeb/Desktop/ROS2-Training/hands_on/03_service_client/install/add_two_ints/lib/libadd_two_ints__rosidl_typesupport_introspection_cpp.so
[5.108s] -- Up-to-date: /home/muneeb/Desktop/ROS2-Training/hands_on/03_service_client/install/add_two_ints/lib/libadd_two_ints__rosidl_typesupport_cpp.so
[5.108s] -- Up-to-date: /home/muneeb/Desktop/ROS2-Training/hands_on/03_service_client/install/add_two_ints/share/add_two_ints/environment/pythonpath.sh
[5.108s] -- Installing: /home/muneeb/Desktop/ROS2-Training/hands_on/03_service_client/install/add_two_ints/share/add_two_ints/environment/pythonpath.dsv
[5.108s] -- Up-to-date: /home/muneeb/Desktop/ROS2-Training/hands_on/03_service_client/install/add_two_ints/local/lib/python3.10/dist-packages/add_two_ints-0.0.0-py3.10.egg-info
[5.109s] -- Installing: /home/muneeb/Desktop/ROS2-Training/hands_on/03_service_client/install/add_two_ints/local/lib/python3.10/dist-packages/add_two_ints-0.0.0-py3.10.egg-info/dependency_links.txt
[5.109s] -- Installing: /home/muneeb/Desktop/ROS2-Training/hands_on/03_service_client/install/add_two_ints/local/lib/python3.10/dist-packages/add_two_ints-0.0.0-py3.10.egg-info/PKG-INFO
[5.109s] -- Installing: /home/muneeb/Desktop/ROS2-Training/hands_on/03_service_client/install/add_two_ints/local/lib/python3.10/dist-packages/add_two_ints-0.0.0-py3.10.egg-info/top_level.txt
[5.109s] -- Installing: /home/muneeb/Desktop/ROS2-Training/hands_on/03_service_client/install/add_two_ints/local/lib/python3.10/dist-packages/add_two_ints-0.0.0-py3.10.egg-info/SOURCES.txt
[5.109s] -- Up-to-date: /home/muneeb/Desktop/ROS2-Training/hands_on/03_service_client/install/add_two_ints/local/lib/python3.10/dist-packages/add_two_ints
[5.109s] -- Up-to-date: /home/muneeb/Desktop/ROS2-Training/hands_on/03_service_client/install/add_two_ints/local/lib/python3.10/dist-packages/add_two_ints/libadd_two_ints__rosidl_generator_py.so
[5.109s] -- Up-to-date: /home/muneeb/Desktop/ROS2-Training/hands_on/03_service_client/install/add_two_ints/local/lib/python3.10/dist-packages/add_two_ints/add_two_ints_s__rosidl_typesupport_fastrtps_c.cpython-310-x86_64-linux-gnu.so
[5.109s] -- Up-to-date: /home/muneeb/Desktop/ROS2-Training/hands_on/03_service_client/install/add_two_ints/local/lib/python3.10/dist-packages/add_two_ints/add_two_ints_s__rosidl_typesupport_introspection_c.cpython-310-x86_64-linux-gnu.so
[5.109s] -- Up-to-date: /home/muneeb/Desktop/ROS2-Training/hands_on/03_service_client/install/add_two_ints/local/lib/python3.10/dist-packages/add_two_ints/_add_two_ints_s.ep.rosidl_typesupport_c.c
[5.109s] -- Installing: /home/muneeb/Desktop/ROS2-Training/hands_on/03_service_client/install/add_two_ints/local/lib/python3.10/dist-packages/add_two_ints/__init__.py
[5.109s] -- Up-to-date: /home/muneeb/Desktop/ROS2-Training/hands_on/03_service_client/install/add_two_ints/local/lib/python3.10/dist-packages/add_two_ints/srv
[5.109s] -- Up-to-date: /home/muneeb/Desktop/ROS2-Training/hands_on/03_service_client/install/add_two_ints/local/lib/python3.10/dist-packages/add_two_ints/srv/_add_two_ints.py
[5.109s] -- Up-to-date: /home/muneeb/Desktop/ROS2-Training/hands_on/03_service_client/install/add_two_ints/local/lib/python3.10/dist-packages/add_two_ints/srv/__init__.py
[5.109s] -- Up-to-date: /home/muneeb/Desktop/ROS2-Training/hands_on/03_service_client/install/add_two_ints/local/lib/python3.10/dist-packages/add_two_ints/srv/_add_two_ints_s.c
[5.109s] -- Up-to-date: /home/muneeb/Desktop/ROS2-Training/hands_on/03_service_client/install/add_two_ints/local/lib/python3.10/dist-packages/add_two_ints/_add_two_ints_s.ep.rosidl_typesupport_fastrtps_c.c
[5.109s] -- Up-to-date: /home/muneeb/Desktop/ROS2-Training/hands_on/03_service_client/install/add_two_ints/local/lib/python3.10/dist-packages/add_two_ints/add_two_ints_s__rosidl_typesupport_c.cpython-310-x86_64-linux-gnu.so
[5.110s] -- Up-to-date: /home/muneeb/Desktop/ROS2-Training/hands_on/03_service_client/install/add_two_ints/local/lib/python3.10/dist-packages/add_two_ints/_add_two_ints_s.ep.rosidl_typesupport_introspection_c.c
[5.142s] Listing '/home/muneeb/Desktop/ROS2-Training/hands_on/03_service_client/install/add_two_ints/local/lib/python3.10/dist-packages/add_two_ints'...
[5.142s] Compiling '/home/muneeb/Desktop/ROS2-Training/hands_on/03_service_client/install/add_two_ints/local/lib/python3.10/dist-packages/add_two_ints/__init__.py'...
[5.143s] Listing '/home/muneeb/Desktop/ROS2-Training/hands_on/03_service_client/install/add_two_ints/local/lib/python3.10/dist-packages/add_two_ints/srv'...
[5.148s] -- Up-to-date: /home/muneeb/Desktop/ROS2-Training/hands_on/03_service_client/install/add_two_ints/local/lib/python3.10/dist-packages/add_two_ints/add_two_ints_s__rosidl_typesupport_fastrtps_c.cpython-310-x86_64-linux-gnu.so
[5.148s] -- Up-to-date: /home/muneeb/Desktop/ROS2-Training/hands_on/03_service_client/install/add_two_ints/local/lib/python3.10/dist-packages/add_two_ints/add_two_ints_s__rosidl_typesupport_introspection_c.cpython-310-x86_64-linux-gnu.so
[5.149s] -- Up-to-date: /home/muneeb/Desktop/ROS2-Training/hands_on/03_service_client/install/add_two_ints/local/lib/python3.10/dist-packages/add_two_ints/add_two_ints_s__rosidl_typesupport_c.cpython-310-x86_64-linux-gnu.so
[5.149s] -- Up-to-date: /home/muneeb/Desktop/ROS2-Training/hands_on/03_service_client/install/add_two_ints/lib/libadd_two_ints__rosidl_generator_py.so
[5.149s] -- Up-to-date: /home/muneeb/Desktop/ROS2-Training/hands_on/03_service_client/install/add_two_ints/share/add_two_ints/srv/AddTwoInts.idl
[5.149s] -- Up-to-date: /home/muneeb/Desktop/ROS2-Training/hands_on/03_service_client/install/add_two_ints/share/add_two_ints/srv/AddTwoInts.srv
[5.149s] -- Up-to-date: /home/muneeb/Desktop/ROS2-Training/hands_on/03_service_client/install/add_two_ints/share/add_two_ints/srv/AddTwoInts_Request.msg
[5.149s] -- Up-to-date: /home/muneeb/Desktop/ROS2-Training/hands_on/03_service_client/install/add_two_ints/share/add_two_ints/srv/AddTwoInts_Response.msg
[5.149s] -- Installing: /home/muneeb/Desktop/ROS2-Training/hands_on/03_service_client/install/add_two_ints/lib/add_two_ints/add_two_ints_client
[5.150s] -- Set runtime path of "/home/muneeb/Desktop/ROS2-Training/hands_on/03_service_client/install/add_two_ints/lib/add_two_ints/add_two_ints_client" to ""
[5.150s] -- Installing: /home/muneeb/Desktop/ROS2-Training/hands_on/03_service_client/install/add_two_ints/lib/add_two_ints/add_two_ints_server
[5.151s] -- Set runtime path of "/home/muneeb/Desktop/ROS2-Training/hands_on/03_service_client/install/add_two_ints/lib/add_two_ints/add_two_ints_server" to ""
[5.151s] -- Up-to-date: /home/muneeb/Desktop/ROS2-Training/hands_on/03_service_client/install/add_two_ints/share/ament_index/resource_index/package_run_dependencies/add_two_ints
[5.151s] -- Up-to-date: /home/muneeb/Desktop/ROS2-Training/hands_on/03_service_client/install/add_two_ints/share/ament_index/resource_index/parent_prefix_path/add_two_ints
[5.151s] -- Up-to-date: /home/muneeb/Desktop/ROS2-Training/hands_on/03_service_client/install/add_two_ints/share/add_two_ints/environment/ament_prefix_path.sh
[5.151s] -- Installing: /home/muneeb/Desktop/ROS2-Training/hands_on/03_service_client/install/add_two_ints/share/add_two_ints/environment/ament_prefix_path.dsv
[5.151s] -- Up-to-date: /home/muneeb/Desktop/ROS2-Training/hands_on/03_service_client/install/add_two_ints/share/add_two_ints/environment/path.sh
[5.151s] -- Installing: /home/muneeb/Desktop/ROS2-Training/hands_on/03_service_client/install/add_two_ints/share/add_two_ints/environment/path.dsv
[5.151s] -- Up-to-date: /home/muneeb/Desktop/ROS2-Training/hands_on/03_service_client/install/add_two_ints/share/add_two_ints/local_setup.bash
[5.151s] -- Up-to-date: /home/muneeb/Desktop/ROS2-Training/hands_on/03_service_client/install/add_two_ints/share/add_two_ints/local_setup.sh
[5.151s] -- Up-to-date: /home/muneeb/Desktop/ROS2-Training/hands_on/03_service_client/install/add_two_ints/share/add_two_ints/local_setup.zsh
[5.151s] -- Installing: /home/muneeb/Desktop/ROS2-Training/hands_on/03_service_client/install/add_two_ints/share/add_two_ints/local_setup.dsv
[5.152s] -- Installing: /home/muneeb/Desktop/ROS2-Training/hands_on/03_service_client/install/add_two_ints/share/add_two_ints/package.dsv
[5.152s] -- Up-to-date: /home/muneeb/Desktop/ROS2-Training/hands_on/03_service_client/install/add_two_ints/share/ament_index/resource_index/packages/add_two_ints
[5.152s] -- Up-to-date: /home/muneeb/Desktop/ROS2-Training/hands_on/03_service_client/install/add_two_ints/share/add_two_ints/cmake/export_add_two_ints__rosidl_generator_cExport.cmake
[5.152s] -- Up-to-date: /home/muneeb/Desktop/ROS2-Training/hands_on/03_service_client/install/add_two_ints/share/add_two_ints/cmake/export_add_two_ints__rosidl_generator_cExport-noconfig.cmake
[5.152s] -- Up-to-date: /home/muneeb/Desktop/ROS2-Training/hands_on/03_service_client/install/add_two_ints/share/add_two_ints/cmake/export_add_two_ints__rosidl_typesupport_fastrtps_cExport.cmake
[5.152s] -- Up-to-date: /home/muneeb/Desktop/ROS2-Training/hands_on/03_service_client/install/add_two_ints/share/add_two_ints/cmake/export_add_two_ints__rosidl_typesupport_fastrtps_cExport-noconfig.cmake
[5.152s] -- Up-to-date: /home/muneeb/Desktop/ROS2-Training/hands_on/03_service_client/install/add_two_ints/share/add_two_ints/cmake/add_two_ints__rosidl_typesupport_introspection_cExport.cmake
[5.152s] -- Up-to-date: /home/muneeb/Desktop/ROS2-Training/hands_on/03_service_client/install/add_two_ints/share/add_two_ints/cmake/add_two_ints__rosidl_typesupport_introspection_cExport-noconfig.cmake
[5.152s] -- Up-to-date: /home/muneeb/Desktop/ROS2-Training/hands_on/03_service_client/install/add_two_ints/share/add_two_ints/cmake/add_two_ints__rosidl_typesupport_cExport.cmake
[5.152s] -- Up-to-date: /home/muneeb/Desktop/ROS2-Training/hands_on/03_service_client/install/add_two_ints/share/add_two_ints/cmake/add_two_ints__rosidl_typesupport_cExport-noconfig.cmake
[5.152s] -- Up-to-date: /home/muneeb/Desktop/ROS2-Training/hands_on/03_service_client/install/add_two_ints/share/add_two_ints/cmake/export_add_two_ints__rosidl_generator_cppExport.cmake
[5.152s] -- Up-to-date: /home/muneeb/Desktop/ROS2-Training/hands_on/03_service_client/install/add_two_ints/share/add_two_ints/cmake/export_add_two_ints__rosidl_typesupport_fastrtps_cppExport.cmake
[5.152s] -- Up-to-date: /home/muneeb/Desktop/ROS2-Training/hands_on/03_service_client/install/add_two_ints/share/add_two_ints/cmake/export_add_two_ints__rosidl_typesupport_fastrtps_cppExport-noconfig.cmake
[5.152s] -- Up-to-date: /home/muneeb/Desktop/ROS2-Training/hands_on/03_service_client/install/add_two_ints/share/add_two_ints/cmake/add_two_ints__rosidl_typesupport_introspection_cppExport.cmake
[5.153s] -- Up-to-date: /home/muneeb/Desktop/ROS2-Training/hands_on/03_service_client/install/add_two_ints/share/add_two_ints/cmake/add_two_ints__rosidl_typesupport_introspection_cppExport-noconfig.cmake
[5.153s] -- Up-to-date: /home/muneeb/Desktop/ROS2-Training/hands_on/03_service_client/install/add_two_ints/share/add_two_ints/cmake/add_two_ints__rosidl_typesupport_cppExport.cmake
[5.153s] -- Up-to-date: /home/muneeb/Desktop/ROS2-Training/hands_on/03_service_client/install/add_two_ints/share/add_two_ints/cmake/add_two_ints__rosidl_typesupport_cppExport-noconfig.cmake
[5.153s] -- Up-to-date: /home/muneeb/Desktop/ROS2-Training/hands_on/03_service_client/install/add_two_ints/share/add_two_ints/cmake/export_add_two_ints__rosidl_generator_pyExport.cmake
[5.153s] -- Up-to-date: /home/muneeb/Desktop/ROS2-Training/hands_on/03_service_client/install/add_two_ints/share/add_two_ints/cmake/export_add_two_ints__rosidl_generator_pyExport-noconfig.cmake
[5.153s] -- Up-to-date: /home/muneeb/Desktop/ROS2-Training/hands_on/03_service_client/install/add_two_ints/share/add_two_ints/cmake/rosidl_cmake-extras.cmake
[5.153s] -- Up-to-date: /home/muneeb/Desktop/ROS2-Training/hands_on/03_service_client/install/add_two_ints/share/add_two_ints/cmake/ament_cmake_export_include_directories-extras.cmake
[5.153s] -- Up-to-date: /home/muneeb/Desktop/ROS2-Training/hands_on/03_service_client/install/add_two_ints/share/add_two_ints/cmake/ament_cmake_export_libraries-extras.cmake
[5.153s] -- Up-to-date: /home/muneeb/Desktop/ROS2-Training/hands_on/03_service_client/install/add_two_ints/share/add_two_ints/cmake/ament_cmake_export_targets-extras.cmake
[5.153s] -- Up-to-date: /home/muneeb/Desktop/ROS2-Training/hands_on/03_service_client/install/add_two_ints/share/add_two_ints/cmake/rosidl_cmake_export_typesupport_targets-extras.cmake
[5.153s] -- Up-to-date: /home/muneeb/Desktop/ROS2-Training/hands_on/03_service_client/install/add_two_ints/share/add_two_ints/cmake/ament_cmake_export_dependencies-extras.cmake
[5.153s] -- Up-to-date: /home/muneeb/Desktop/ROS2-Training/hands_on/03_service_client/install/add_two_ints/share/add_two_ints/cmake/rosidl_cmake_export_typesupport_libraries-extras.cmake
[5.153s] -- Up-to-date: /home/muneeb/Desktop/ROS2-Training/hands_on/03_service_client/install/add_two_ints/share/add_two_ints/cmake/add_two_intsConfig.cmake
[5.153s] -- Up-to-date: /home/muneeb/Desktop/ROS2-Training/hands_on/03_service_client/install/add_two_ints/share/add_two_ints/cmake/add_two_intsConfig-version.cmake
[5.153s] -- Up-to-date: /home/muneeb/Desktop/ROS2-Training/hands_on/03_service_client/install/add_two_ints/share/add_two_ints/package.xml
[5.155s] Invoked command in '/home/muneeb/Desktop/ROS2-Training/hands_on/03_service_client/build/add_two_ints' returned '0': CMAKE_PREFIX_PATH=${CMAKE_PREFIX_PATH}:/opt/ros/humble /usr/bin/cmake --install /home/muneeb/Desktop/ROS2-Training/hands_on/03_service_client/build/add_two_ints
