[0.108s] DEBUG:colcon:Command line arguments: ['/usr/bin/colcon', 'build']
[0.108s] DEBUG:colcon:Parsed command line arguments: Namespace(log_base=None, log_level=None, verb_name='build', build_base='build', install_base='install', merge_install=False, symlink_install=False, test_result_base=None, continue_on_error=False, executor='parallel', parallel_workers=8, event_handlers=None, ignore_user_meta=False, metas=['./colcon.meta'], base_paths=['.'], packages_ignore=None, packages_ignore_regex=None, paths=None, packages_up_to=None, packages_up_to_regex=None, packages_above=None, packages_above_and_dependencies=None, packages_above_depth=None, packages_select_by_dep=None, packages_skip_by_dep=None, packages_skip_up_to=None, packages_select_build_failed=False, packages_skip_build_finished=False, packages_select_test_failures=False, packages_skip_test_passed=False, packages_select=None, packages_skip=None, packages_select_regex=None, packages_skip_regex=None, packages_start=None, packages_end=None, allow_overriding=[], cmake_args=None, cmake_target=None, cmake_target_skip_unavailable=False, cmake_clean_cache=False, cmake_clean_first=False, cmake_force_configure=False, ament_cmake_args=None, catkin_cmake_args=None, catkin_skip_building_tests=False, mixin_files=None, mixin=None, verb_parser=<colcon_mixin.mixin.mixin_argument.MixinArgumentDecorator object at 0x7b0f2c056da0>, verb_extension=<colcon_core.verb.build.BuildVerb object at 0x7b0f2c0568f0>, main=<bound method BuildVerb.main of <colcon_core.verb.build.BuildVerb object at 0x7b0f2c0568f0>>, mixin_verb=('build',))
[0.278s] Level 1:colcon.colcon_core.package_discovery:discover_packages(colcon_meta) check parameters
[0.278s] Level 1:colcon.colcon_core.package_discovery:discover_packages(recursive) check parameters
[0.278s] Level 1:colcon.colcon_core.package_discovery:discover_packages(ignore) check parameters
[0.278s] Level 1:colcon.colcon_core.package_discovery:discover_packages(path) check parameters
[0.278s] Level 1:colcon.colcon_core.package_discovery:discover_packages(colcon_meta) discover
[0.279s] Level 1:colcon.colcon_core.package_discovery:discover_packages(recursive) discover
[0.279s] INFO:colcon.colcon_core.package_discovery:Crawling recursively for packages in '/home/muneeb/Desktop/ROS2-Training/hands_on/03_service_client'
[0.279s] Level 1:colcon.colcon_core.package_identification:_identify(.) by extensions ['ignore', 'ignore_ament_install']
[0.279s] Level 1:colcon.colcon_core.package_identification:_identify(.) by extension 'ignore'
[0.279s] Level 1:colcon.colcon_core.package_identification:_identify(.) by extension 'ignore_ament_install'
[0.279s] Level 1:colcon.colcon_core.package_identification:_identify(.) by extensions ['colcon_pkg']
[0.279s] Level 1:colcon.colcon_core.package_identification:_identify(.) by extension 'colcon_pkg'
[0.279s] Level 1:colcon.colcon_core.package_identification:_identify(.) by extensions ['colcon_meta']
[0.279s] Level 1:colcon.colcon_core.package_identification:_identify(.) by extension 'colcon_meta'
[0.279s] Level 1:colcon.colcon_core.package_identification:_identify(.) by extensions ['ros']
[0.279s] Level 1:colcon.colcon_core.package_identification:_identify(.) by extension 'ros'
[0.289s] Level 1:colcon.colcon_core.package_identification:_identify(.) by extensions ['cmake', 'python']
[0.289s] Level 1:colcon.colcon_core.package_identification:_identify(.) by extension 'cmake'
[0.289s] Level 1:colcon.colcon_core.package_identification:_identify(.) by extension 'python'
[0.289s] Level 1:colcon.colcon_core.package_identification:_identify(.) by extensions ['python_setup_py']
[0.289s] Level 1:colcon.colcon_core.package_identification:_identify(.) by extension 'python_setup_py'
[0.289s] Level 1:colcon.colcon_core.package_identification:_identify(build) by extensions ['ignore', 'ignore_ament_install']
[0.289s] Level 1:colcon.colcon_core.package_identification:_identify(build) by extension 'ignore'
[0.289s] Level 1:colcon.colcon_core.package_identification:_identify(build) ignored
[0.290s] Level 1:colcon.colcon_core.package_identification:_identify(install) by extensions ['ignore', 'ignore_ament_install']
[0.290s] Level 1:colcon.colcon_core.package_identification:_identify(install) by extension 'ignore'
[0.290s] Level 1:colcon.colcon_core.package_identification:_identify(install) ignored
[0.290s] Level 1:colcon.colcon_core.package_identification:_identify(log) by extensions ['ignore', 'ignore_ament_install']
[0.290s] Level 1:colcon.colcon_core.package_identification:_identify(log) by extension 'ignore'
[0.290s] Level 1:colcon.colcon_core.package_identification:_identify(log) ignored
[0.290s] Level 1:colcon.colcon_core.package_identification:_identify(src) by extensions ['ignore', 'ignore_ament_install']
[0.290s] Level 1:colcon.colcon_core.package_identification:_identify(src) by extension 'ignore'
[0.290s] Level 1:colcon.colcon_core.package_identification:_identify(src) by extension 'ignore_ament_install'
[0.290s] Level 1:colcon.colcon_core.package_identification:_identify(src) by extensions ['colcon_pkg']
[0.290s] Level 1:colcon.colcon_core.package_identification:_identify(src) by extension 'colcon_pkg'
[0.290s] Level 1:colcon.colcon_core.package_identification:_identify(src) by extensions ['colcon_meta']
[0.290s] Level 1:colcon.colcon_core.package_identification:_identify(src) by extension 'colcon_meta'
[0.290s] Level 1:colcon.colcon_core.package_identification:_identify(src) by extensions ['ros']
[0.290s] Level 1:colcon.colcon_core.package_identification:_identify(src) by extension 'ros'
[0.290s] Level 1:colcon.colcon_core.package_identification:_identify(src) by extensions ['cmake', 'python']
[0.291s] Level 1:colcon.colcon_core.package_identification:_identify(src) by extension 'cmake'
[0.291s] Level 1:colcon.colcon_core.package_identification:_identify(src) by extension 'python'
[0.291s] Level 1:colcon.colcon_core.package_identification:_identify(src) by extensions ['python_setup_py']
[0.291s] Level 1:colcon.colcon_core.package_identification:_identify(src) by extension 'python_setup_py'
[0.291s] Level 1:colcon.colcon_core.package_identification:_identify(src/add_two_ints) by extensions ['ignore', 'ignore_ament_install']
[0.291s] Level 1:colcon.colcon_core.package_identification:_identify(src/add_two_ints) by extension 'ignore'
[0.291s] Level 1:colcon.colcon_core.package_identification:_identify(src/add_two_ints) by extension 'ignore_ament_install'
[0.291s] Level 1:colcon.colcon_core.package_identification:_identify(src/add_two_ints) by extensions ['colcon_pkg']
[0.291s] Level 1:colcon.colcon_core.package_identification:_identify(src/add_two_ints) by extension 'colcon_pkg'
[0.291s] Level 1:colcon.colcon_core.package_identification:_identify(src/add_two_ints) by extensions ['colcon_meta']
[0.291s] Level 1:colcon.colcon_core.package_identification:_identify(src/add_two_ints) by extension 'colcon_meta'
[0.291s] Level 1:colcon.colcon_core.package_identification:_identify(src/add_two_ints) by extensions ['ros']
[0.291s] Level 1:colcon.colcon_core.package_identification:_identify(src/add_two_ints) by extension 'ros'
[0.293s] DEBUG:colcon.colcon_core.package_identification:Package 'src/add_two_ints' with type 'ros.ament_cmake' and name 'add_two_ints'
[0.293s] Level 1:colcon.colcon_core.package_discovery:discover_packages(recursive) using defaults
[0.293s] Level 1:colcon.colcon_core.package_discovery:discover_packages(ignore) discover
[0.293s] Level 1:colcon.colcon_core.package_discovery:discover_packages(ignore) using defaults
[0.293s] Level 1:colcon.colcon_core.package_discovery:discover_packages(path) discover
[0.293s] Level 1:colcon.colcon_core.package_discovery:discover_packages(path) using defaults
[0.324s] Level 1:colcon.colcon_core.package_discovery:discover_packages(prefix_path) check parameters
[0.324s] Level 1:colcon.colcon_core.package_discovery:discover_packages(prefix_path) discover
[0.326s] DEBUG:colcon.colcon_installed_package_information.package_discovery:Found 1 installed packages in /home/muneeb/Desktop/ROS2-Training/hands_on/03_service_client/install
[0.328s] DEBUG:colcon.colcon_installed_package_information.package_discovery:Found 429 installed packages in /opt/ros/humble
[0.330s] Level 1:colcon.colcon_core.package_discovery:discover_packages(prefix_path) using defaults
[0.384s] Level 5:colcon.colcon_core.verb:set package 'add_two_ints' build argument 'cmake_args' from command line to 'None'
[0.384s] Level 5:colcon.colcon_core.verb:set package 'add_two_ints' build argument 'cmake_target' from command line to 'None'
[0.384s] Level 5:colcon.colcon_core.verb:set package 'add_two_ints' build argument 'cmake_target_skip_unavailable' from command line to 'False'
[0.384s] Level 5:colcon.colcon_core.verb:set package 'add_two_ints' build argument 'cmake_clean_cache' from command line to 'False'
[0.384s] Level 5:colcon.colcon_core.verb:set package 'add_two_ints' build argument 'cmake_clean_first' from command line to 'False'
[0.384s] Level 5:colcon.colcon_core.verb:set package 'add_two_ints' build argument 'cmake_force_configure' from command line to 'False'
[0.384s] Level 5:colcon.colcon_core.verb:set package 'add_two_ints' build argument 'ament_cmake_args' from command line to 'None'
[0.384s] Level 5:colcon.colcon_core.verb:set package 'add_two_ints' build argument 'catkin_cmake_args' from command line to 'None'
[0.384s] Level 5:colcon.colcon_core.verb:set package 'add_two_ints' build argument 'catkin_skip_building_tests' from command line to 'False'
[0.384s] DEBUG:colcon.colcon_core.verb:Building package 'add_two_ints' with the following arguments: {'ament_cmake_args': None, 'build_base': '/home/muneeb/Desktop/ROS2-Training/hands_on/03_service_client/build/add_two_ints', 'catkin_cmake_args': None, 'catkin_skip_building_tests': False, 'cmake_args': None, 'cmake_clean_cache': False, 'cmake_clean_first': False, 'cmake_force_configure': False, 'cmake_target': None, 'cmake_target_skip_unavailable': False, 'install_base': '/home/muneeb/Desktop/ROS2-Training/hands_on/03_service_client/install/add_two_ints', 'merge_install': False, 'path': '/home/muneeb/Desktop/ROS2-Training/hands_on/03_service_client/src/add_two_ints', 'symlink_install': False, 'test_result_base': None}
[0.384s] INFO:colcon.colcon_core.executor:Executing jobs using 'parallel' executor
[0.385s] DEBUG:colcon.colcon_parallel_executor.executor.parallel:run_until_complete
[0.386s] INFO:colcon.colcon_ros.task.ament_cmake.build:Building ROS package in '/home/muneeb/Desktop/ROS2-Training/hands_on/03_service_client/src/add_two_ints' with build type 'ament_cmake'
[0.386s] INFO:colcon.colcon_cmake.task.cmake.build:Building CMake package in '/home/muneeb/Desktop/ROS2-Training/hands_on/03_service_client/src/add_two_ints'
[0.388s] INFO:colcon.colcon_core.plugin_system:Skipping extension 'colcon_core.shell.bat': Not used on non-Windows systems
[0.388s] INFO:colcon.colcon_core.shell:Skip shell extension 'powershell' for command environment: Not usable outside of PowerShell
[0.388s] DEBUG:colcon.colcon_core.shell:Skip shell extension 'dsv' for command environment
[0.397s] DEBUG:colcon.colcon_core.event_handler.log_command:Invoking command in '/home/muneeb/Desktop/ROS2-Training/hands_on/03_service_client/build/add_two_ints': CMAKE_PREFIX_PATH=${CMAKE_PREFIX_PATH}:/opt/ros/humble /usr/bin/cmake /home/muneeb/Desktop/ROS2-Training/hands_on/03_service_client/src/add_two_ints -DCMAKE_INSTALL_PREFIX=/home/muneeb/Desktop/ROS2-Training/hands_on/03_service_client/install/add_two_ints
[1.625s] DEBUG:colcon.colcon_core.event_handler.log_command:Invoked command in '/home/muneeb/Desktop/ROS2-Training/hands_on/03_service_client/build/add_two_ints' returned '0': CMAKE_PREFIX_PATH=${CMAKE_PREFIX_PATH}:/opt/ros/humble /usr/bin/cmake /home/muneeb/Desktop/ROS2-Training/hands_on/03_service_client/src/add_two_ints -DCMAKE_INSTALL_PREFIX=/home/muneeb/Desktop/ROS2-Training/hands_on/03_service_client/install/add_two_ints
[1.627s] DEBUG:colcon.colcon_core.event_handler.log_command:Invoking command in '/home/muneeb/Desktop/ROS2-Training/hands_on/03_service_client/build/add_two_ints': CMAKE_PREFIX_PATH=${CMAKE_PREFIX_PATH}:/opt/ros/humble /usr/bin/cmake --build /home/muneeb/Desktop/ROS2-Training/hands_on/03_service_client/build/add_two_ints -- -j8 -l8
[3.725s] DEBUG:colcon.colcon_core.event_handler.log_command:Invoked command in '/home/muneeb/Desktop/ROS2-Training/hands_on/03_service_client/build/add_two_ints' returned '0': CMAKE_PREFIX_PATH=${CMAKE_PREFIX_PATH}:/opt/ros/humble /usr/bin/cmake --build /home/muneeb/Desktop/ROS2-Training/hands_on/03_service_client/build/add_two_ints -- -j8 -l8
[3.736s] DEBUG:colcon.colcon_core.event_handler.log_command:Invoking command in '/home/muneeb/Desktop/ROS2-Training/hands_on/03_service_client/build/add_two_ints': CMAKE_PREFIX_PATH=${CMAKE_PREFIX_PATH}:/opt/ros/humble /usr/bin/cmake --install /home/muneeb/Desktop/ROS2-Training/hands_on/03_service_client/build/add_two_ints
[3.801s] Level 1:colcon.colcon_core.environment:create_environment_scripts_only(add_two_ints)
[3.801s] DEBUG:colcon.colcon_core.event_handler.log_command:Invoked command in '/home/muneeb/Desktop/ROS2-Training/hands_on/03_service_client/build/add_two_ints' returned '0': CMAKE_PREFIX_PATH=${CMAKE_PREFIX_PATH}:/opt/ros/humble /usr/bin/cmake --install /home/muneeb/Desktop/ROS2-Training/hands_on/03_service_client/build/add_two_ints
[3.804s] Level 1:colcon.colcon_core.environment:checking '/home/muneeb/Desktop/ROS2-Training/hands_on/03_service_client/install/add_two_ints' for CMake module files
[3.804s] Level 1:colcon.colcon_core.environment:checking '/home/muneeb/Desktop/ROS2-Training/hands_on/03_service_client/install/add_two_ints' for CMake config files
[3.805s] Level 1:colcon.colcon_core.shell:create_environment_hook('add_two_ints', 'cmake_prefix_path')
[3.805s] INFO:colcon.colcon_core.shell:Creating environment hook '/home/muneeb/Desktop/ROS2-Training/hands_on/03_service_client/install/add_two_ints/share/add_two_ints/hook/cmake_prefix_path.ps1'
[3.806s] INFO:colcon.colcon_core.shell:Creating environment descriptor '/home/muneeb/Desktop/ROS2-Training/hands_on/03_service_client/install/add_two_ints/share/add_two_ints/hook/cmake_prefix_path.dsv'
[3.806s] INFO:colcon.colcon_core.shell:Creating environment hook '/home/muneeb/Desktop/ROS2-Training/hands_on/03_service_client/install/add_two_ints/share/add_two_ints/hook/cmake_prefix_path.sh'
[3.807s] Level 1:colcon.colcon_core.environment:checking '/home/muneeb/Desktop/ROS2-Training/hands_on/03_service_client/install/add_two_ints/lib'
[3.807s] Level 1:colcon.colcon_core.shell:create_environment_hook('add_two_ints', 'ld_library_path_lib')
[3.808s] INFO:colcon.colcon_core.shell:Creating environment hook '/home/muneeb/Desktop/ROS2-Training/hands_on/03_service_client/install/add_two_ints/share/add_two_ints/hook/ld_library_path_lib.ps1'
[3.808s] INFO:colcon.colcon_core.shell:Creating environment descriptor '/home/muneeb/Desktop/ROS2-Training/hands_on/03_service_client/install/add_two_ints/share/add_two_ints/hook/ld_library_path_lib.dsv'
[3.808s] INFO:colcon.colcon_core.shell:Creating environment hook '/home/muneeb/Desktop/ROS2-Training/hands_on/03_service_client/install/add_two_ints/share/add_two_ints/hook/ld_library_path_lib.sh'
[3.809s] Level 1:colcon.colcon_core.environment:checking '/home/muneeb/Desktop/ROS2-Training/hands_on/03_service_client/install/add_two_ints/bin'
[3.809s] Level 1:colcon.colcon_core.environment:checking '/home/muneeb/Desktop/ROS2-Training/hands_on/03_service_client/install/add_two_ints/lib/pkgconfig/add_two_ints.pc'
[3.809s] Level 1:colcon.colcon_core.environment:checking '/home/muneeb/Desktop/ROS2-Training/hands_on/03_service_client/install/add_two_ints/lib/python3.10/site-packages'
[3.809s] Level 1:colcon.colcon_core.environment:checking '/home/muneeb/Desktop/ROS2-Training/hands_on/03_service_client/install/add_two_ints/bin'
[3.810s] INFO:colcon.colcon_core.shell:Creating package script '/home/muneeb/Desktop/ROS2-Training/hands_on/03_service_client/install/add_two_ints/share/add_two_ints/package.ps1'
[3.811s] INFO:colcon.colcon_core.shell:Creating package descriptor '/home/muneeb/Desktop/ROS2-Training/hands_on/03_service_client/install/add_two_ints/share/add_two_ints/package.dsv'
[3.811s] INFO:colcon.colcon_core.shell:Creating package script '/home/muneeb/Desktop/ROS2-Training/hands_on/03_service_client/install/add_two_ints/share/add_two_ints/package.sh'
[3.812s] INFO:colcon.colcon_core.shell:Creating package script '/home/muneeb/Desktop/ROS2-Training/hands_on/03_service_client/install/add_two_ints/share/add_two_ints/package.bash'
[3.813s] INFO:colcon.colcon_core.shell:Creating package script '/home/muneeb/Desktop/ROS2-Training/hands_on/03_service_client/install/add_two_ints/share/add_two_ints/package.zsh'
[3.813s] Level 1:colcon.colcon_core.environment:create_file_with_runtime_dependencies(/home/muneeb/Desktop/ROS2-Training/hands_on/03_service_client/install/add_two_ints/share/colcon-core/packages/add_two_ints)
[3.814s] Level 1:colcon.colcon_core.environment:create_environment_scripts_only(add_two_ints)
[3.814s] Level 1:colcon.colcon_core.environment:checking '/home/muneeb/Desktop/ROS2-Training/hands_on/03_service_client/install/add_two_ints' for CMake module files
[3.815s] Level 1:colcon.colcon_core.environment:checking '/home/muneeb/Desktop/ROS2-Training/hands_on/03_service_client/install/add_two_ints' for CMake config files
[3.815s] Level 1:colcon.colcon_core.shell:create_environment_hook('add_two_ints', 'cmake_prefix_path')
[3.815s] INFO:colcon.colcon_core.shell:Creating environment hook '/home/muneeb/Desktop/ROS2-Training/hands_on/03_service_client/install/add_two_ints/share/add_two_ints/hook/cmake_prefix_path.ps1'
[3.815s] INFO:colcon.colcon_core.shell:Creating environment descriptor '/home/muneeb/Desktop/ROS2-Training/hands_on/03_service_client/install/add_two_ints/share/add_two_ints/hook/cmake_prefix_path.dsv'
[3.816s] INFO:colcon.colcon_core.shell:Creating environment hook '/home/muneeb/Desktop/ROS2-Training/hands_on/03_service_client/install/add_two_ints/share/add_two_ints/hook/cmake_prefix_path.sh'
[3.819s] Level 1:colcon.colcon_core.environment:checking '/home/muneeb/Desktop/ROS2-Training/hands_on/03_service_client/install/add_two_ints/lib'
[3.819s] Level 1:colcon.colcon_core.shell:create_environment_hook('add_two_ints', 'ld_library_path_lib')
[3.820s] INFO:colcon.colcon_core.shell:Creating environment hook '/home/muneeb/Desktop/ROS2-Training/hands_on/03_service_client/install/add_two_ints/share/add_two_ints/hook/ld_library_path_lib.ps1'
[3.821s] INFO:colcon.colcon_core.shell:Creating environment descriptor '/home/muneeb/Desktop/ROS2-Training/hands_on/03_service_client/install/add_two_ints/share/add_two_ints/hook/ld_library_path_lib.dsv'
[3.822s] INFO:colcon.colcon_core.shell:Creating environment hook '/home/muneeb/Desktop/ROS2-Training/hands_on/03_service_client/install/add_two_ints/share/add_two_ints/hook/ld_library_path_lib.sh'
[3.823s] Level 1:colcon.colcon_core.environment:checking '/home/muneeb/Desktop/ROS2-Training/hands_on/03_service_client/install/add_two_ints/bin'
[3.823s] Level 1:colcon.colcon_core.environment:checking '/home/muneeb/Desktop/ROS2-Training/hands_on/03_service_client/install/add_two_ints/lib/pkgconfig/add_two_ints.pc'
[3.824s] Level 1:colcon.colcon_core.environment:checking '/home/muneeb/Desktop/ROS2-Training/hands_on/03_service_client/install/add_two_ints/lib/python3.10/site-packages'
[3.824s] Level 1:colcon.colcon_core.environment:checking '/home/muneeb/Desktop/ROS2-Training/hands_on/03_service_client/install/add_two_ints/bin'
[3.825s] INFO:colcon.colcon_core.shell:Creating package script '/home/muneeb/Desktop/ROS2-Training/hands_on/03_service_client/install/add_two_ints/share/add_two_ints/package.ps1'
[3.826s] INFO:colcon.colcon_core.shell:Creating package descriptor '/home/muneeb/Desktop/ROS2-Training/hands_on/03_service_client/install/add_two_ints/share/add_two_ints/package.dsv'
[3.828s] INFO:colcon.colcon_core.shell:Creating package script '/home/muneeb/Desktop/ROS2-Training/hands_on/03_service_client/install/add_two_ints/share/add_two_ints/package.sh'
[3.829s] INFO:colcon.colcon_core.shell:Creating package script '/home/muneeb/Desktop/ROS2-Training/hands_on/03_service_client/install/add_two_ints/share/add_two_ints/package.bash'
[3.829s] INFO:colcon.colcon_core.shell:Creating package script '/home/muneeb/Desktop/ROS2-Training/hands_on/03_service_client/install/add_two_ints/share/add_two_ints/package.zsh'
[3.830s] Level 1:colcon.colcon_core.environment:create_file_with_runtime_dependencies(/home/muneeb/Desktop/ROS2-Training/hands_on/03_service_client/install/add_two_ints/share/colcon-core/packages/add_two_ints)
[3.831s] DEBUG:colcon.colcon_parallel_executor.executor.parallel:closing loop
[3.832s] DEBUG:colcon.colcon_parallel_executor.executor.parallel:loop closed
[3.832s] DEBUG:colcon.colcon_parallel_executor.executor.parallel:run_until_complete finished with '0'
[3.832s] DEBUG:colcon.colcon_core.event_reactor:joining thread
[3.843s] INFO:colcon.colcon_core.plugin_system:Skipping extension 'colcon_notification.desktop_notification.notify_send': Could not find 'notify-send'
[3.843s] INFO:colcon.colcon_core.plugin_system:Skipping extension 'colcon_notification.desktop_notification.terminal_notifier': Not used on non-Darwin systems
[3.843s] INFO:colcon.colcon_core.plugin_system:Skipping extension 'colcon_notification.desktop_notification.win32': Not used on non-Windows systems
[3.844s] INFO:colcon.colcon_notification.desktop_notification:Sending desktop notification using 'notify2'
[3.892s] DEBUG:colcon.colcon_core.event_reactor:joined thread
[3.893s] INFO:colcon.colcon_core.shell:Creating prefix script '/home/muneeb/Desktop/ROS2-Training/hands_on/03_service_client/install/local_setup.ps1'
[3.895s] INFO:colcon.colcon_core.shell:Creating prefix util module '/home/muneeb/Desktop/ROS2-Training/hands_on/03_service_client/install/_local_setup_util_ps1.py'
[3.899s] INFO:colcon.colcon_core.shell:Creating prefix chain script '/home/muneeb/Desktop/ROS2-Training/hands_on/03_service_client/install/setup.ps1'
[3.900s] INFO:colcon.colcon_core.shell:Creating prefix script '/home/muneeb/Desktop/ROS2-Training/hands_on/03_service_client/install/local_setup.sh'
[3.902s] INFO:colcon.colcon_core.shell:Creating prefix util module '/home/muneeb/Desktop/ROS2-Training/hands_on/03_service_client/install/_local_setup_util_sh.py'
[3.902s] INFO:colcon.colcon_core.shell:Creating prefix chain script '/home/muneeb/Desktop/ROS2-Training/hands_on/03_service_client/install/setup.sh'
[3.904s] INFO:colcon.colcon_core.shell:Creating prefix script '/home/muneeb/Desktop/ROS2-Training/hands_on/03_service_client/install/local_setup.bash'
[3.905s] INFO:colcon.colcon_core.shell:Creating prefix chain script '/home/muneeb/Desktop/ROS2-Training/hands_on/03_service_client/install/setup.bash'
[3.906s] INFO:colcon.colcon_core.shell:Creating prefix script '/home/muneeb/Desktop/ROS2-Training/hands_on/03_service_client/install/local_setup.zsh'
[3.906s] INFO:colcon.colcon_core.shell:Creating prefix chain script '/home/muneeb/Desktop/ROS2-Training/hands_on/03_service_client/install/setup.zsh'
