[0.105s] DEBUG:colcon:Command line arguments: ['/usr/bin/colcon', 'build']
[0.105s] DEBUG:colcon:Parsed command line arguments: Namespace(log_base=None, log_level=None, verb_name='build', build_base='build', install_base='install', merge_install=False, symlink_install=False, test_result_base=None, continue_on_error=False, executor='parallel', parallel_workers=8, event_handlers=None, ignore_user_meta=False, metas=['./colcon.meta'], base_paths=['.'], packages_ignore=None, packages_ignore_regex=None, paths=None, packages_up_to=None, packages_up_to_regex=None, packages_above=None, packages_above_and_dependencies=None, packages_above_depth=None, packages_select_by_dep=None, packages_skip_by_dep=None, packages_skip_up_to=None, packages_select_build_failed=False, packages_skip_build_finished=False, packages_select_test_failures=False, packages_skip_test_passed=False, packages_select=None, packages_skip=None, packages_select_regex=None, packages_skip_regex=None, packages_start=None, packages_end=None, allow_overriding=[], cmake_args=None, cmake_target=None, cmake_target_skip_unavailable=False, cmake_clean_cache=False, cmake_clean_first=False, cmake_force_configure=False, ament_cmake_args=None, catkin_cmake_args=None, catkin_skip_building_tests=False, mixin_files=None, mixin=None, verb_parser=<colcon_mixin.mixin.mixin_argument.MixinArgumentDecorator object at 0x716f3a96a950>, verb_extension=<colcon_core.verb.build.BuildVerb object at 0x716f3a96a4a0>, main=<bound method BuildVerb.main of <colcon_core.verb.build.BuildVerb object at 0x716f3a96a4a0>>, mixin_verb=('build',))
[0.276s] Level 1:colcon.colcon_core.package_discovery:discover_packages(colcon_meta) check parameters
[0.276s] Level 1:colcon.colcon_core.package_discovery:discover_packages(recursive) check parameters
[0.276s] Level 1:colcon.colcon_core.package_discovery:discover_packages(ignore) check parameters
[0.276s] Level 1:colcon.colcon_core.package_discovery:discover_packages(path) check parameters
[0.276s] Level 1:colcon.colcon_core.package_discovery:discover_packages(colcon_meta) discover
[0.277s] Level 1:colcon.colcon_core.package_discovery:discover_packages(recursive) discover
[0.277s] INFO:colcon.colcon_core.package_discovery:Crawling recursively for packages in '/home/muneeb/Desktop/ROS2-Training/hands_on/02_custom_message_interface'
[0.277s] Level 1:colcon.colcon_core.package_identification:_identify(.) by extensions ['ignore', 'ignore_ament_install']
[0.277s] Level 1:colcon.colcon_core.package_identification:_identify(.) by extension 'ignore'
[0.277s] Level 1:colcon.colcon_core.package_identification:_identify(.) by extension 'ignore_ament_install'
[0.277s] Level 1:colcon.colcon_core.package_identification:_identify(.) by extensions ['colcon_pkg']
[0.277s] Level 1:colcon.colcon_core.package_identification:_identify(.) by extension 'colcon_pkg'
[0.277s] Level 1:colcon.colcon_core.package_identification:_identify(.) by extensions ['colcon_meta']
[0.277s] Level 1:colcon.colcon_core.package_identification:_identify(.) by extension 'colcon_meta'
[0.277s] Level 1:colcon.colcon_core.package_identification:_identify(.) by extensions ['ros']
[0.277s] Level 1:colcon.colcon_core.package_identification:_identify(.) by extension 'ros'
[0.287s] Level 1:colcon.colcon_core.package_identification:_identify(.) by extensions ['cmake', 'python']
[0.287s] Level 1:colcon.colcon_core.package_identification:_identify(.) by extension 'cmake'
[0.287s] Level 1:colcon.colcon_core.package_identification:_identify(.) by extension 'python'
[0.287s] Level 1:colcon.colcon_core.package_identification:_identify(.) by extensions ['python_setup_py']
[0.287s] Level 1:colcon.colcon_core.package_identification:_identify(.) by extension 'python_setup_py'
[0.287s] Level 1:colcon.colcon_core.package_identification:_identify(build) by extensions ['ignore', 'ignore_ament_install']
[0.287s] Level 1:colcon.colcon_core.package_identification:_identify(build) by extension 'ignore'
[0.287s] Level 1:colcon.colcon_core.package_identification:_identify(build) ignored
[0.288s] Level 1:colcon.colcon_core.package_identification:_identify(install) by extensions ['ignore', 'ignore_ament_install']
[0.288s] Level 1:colcon.colcon_core.package_identification:_identify(install) by extension 'ignore'
[0.288s] Level 1:colcon.colcon_core.package_identification:_identify(install) ignored
[0.288s] Level 1:colcon.colcon_core.package_identification:_identify(log) by extensions ['ignore', 'ignore_ament_install']
[0.288s] Level 1:colcon.colcon_core.package_identification:_identify(log) by extension 'ignore'
[0.288s] Level 1:colcon.colcon_core.package_identification:_identify(log) ignored
[0.288s] Level 1:colcon.colcon_core.package_identification:_identify(src) by extensions ['ignore', 'ignore_ament_install']
[0.288s] Level 1:colcon.colcon_core.package_identification:_identify(src) by extension 'ignore'
[0.288s] Level 1:colcon.colcon_core.package_identification:_identify(src) by extension 'ignore_ament_install'
[0.288s] Level 1:colcon.colcon_core.package_identification:_identify(src) by extensions ['colcon_pkg']
[0.288s] Level 1:colcon.colcon_core.package_identification:_identify(src) by extension 'colcon_pkg'
[0.288s] Level 1:colcon.colcon_core.package_identification:_identify(src) by extensions ['colcon_meta']
[0.288s] Level 1:colcon.colcon_core.package_identification:_identify(src) by extension 'colcon_meta'
[0.288s] Level 1:colcon.colcon_core.package_identification:_identify(src) by extensions ['ros']
[0.288s] Level 1:colcon.colcon_core.package_identification:_identify(src) by extension 'ros'
[0.288s] Level 1:colcon.colcon_core.package_identification:_identify(src) by extensions ['cmake', 'python']
[0.288s] Level 1:colcon.colcon_core.package_identification:_identify(src) by extension 'cmake'
[0.288s] Level 1:colcon.colcon_core.package_identification:_identify(src) by extension 'python'
[0.288s] Level 1:colcon.colcon_core.package_identification:_identify(src) by extensions ['python_setup_py']
[0.288s] Level 1:colcon.colcon_core.package_identification:_identify(src) by extension 'python_setup_py'
[0.289s] Level 1:colcon.colcon_core.package_identification:_identify(src/custom_message) by extensions ['ignore', 'ignore_ament_install']
[0.289s] Level 1:colcon.colcon_core.package_identification:_identify(src/custom_message) by extension 'ignore'
[0.289s] Level 1:colcon.colcon_core.package_identification:_identify(src/custom_message) by extension 'ignore_ament_install'
[0.289s] Level 1:colcon.colcon_core.package_identification:_identify(src/custom_message) by extensions ['colcon_pkg']
[0.289s] Level 1:colcon.colcon_core.package_identification:_identify(src/custom_message) by extension 'colcon_pkg'
[0.289s] Level 1:colcon.colcon_core.package_identification:_identify(src/custom_message) by extensions ['colcon_meta']
[0.289s] Level 1:colcon.colcon_core.package_identification:_identify(src/custom_message) by extension 'colcon_meta'
[0.289s] Level 1:colcon.colcon_core.package_identification:_identify(src/custom_message) by extensions ['ros']
[0.289s] Level 1:colcon.colcon_core.package_identification:_identify(src/custom_message) by extension 'ros'
[0.291s] DEBUG:colcon.colcon_core.package_identification:Package 'src/custom_message' with type 'ros.ament_cmake' and name 'custom_message'
[0.291s] Level 1:colcon.colcon_core.package_discovery:discover_packages(recursive) using defaults
[0.291s] Level 1:colcon.colcon_core.package_discovery:discover_packages(ignore) discover
[0.291s] Level 1:colcon.colcon_core.package_discovery:discover_packages(ignore) using defaults
[0.291s] Level 1:colcon.colcon_core.package_discovery:discover_packages(path) discover
[0.291s] Level 1:colcon.colcon_core.package_discovery:discover_packages(path) using defaults
[0.321s] Level 1:colcon.colcon_core.package_discovery:discover_packages(prefix_path) check parameters
[0.321s] Level 1:colcon.colcon_core.package_discovery:discover_packages(prefix_path) discover
[0.324s] DEBUG:colcon.colcon_installed_package_information.package_discovery:Found 429 installed packages in /opt/ros/humble
[0.326s] Level 1:colcon.colcon_core.package_discovery:discover_packages(prefix_path) using defaults
[0.380s] Level 5:colcon.colcon_core.verb:set package 'custom_message' build argument 'cmake_args' from command line to 'None'
[0.380s] Level 5:colcon.colcon_core.verb:set package 'custom_message' build argument 'cmake_target' from command line to 'None'
[0.380s] Level 5:colcon.colcon_core.verb:set package 'custom_message' build argument 'cmake_target_skip_unavailable' from command line to 'False'
[0.380s] Level 5:colcon.colcon_core.verb:set package 'custom_message' build argument 'cmake_clean_cache' from command line to 'False'
[0.380s] Level 5:colcon.colcon_core.verb:set package 'custom_message' build argument 'cmake_clean_first' from command line to 'False'
[0.380s] Level 5:colcon.colcon_core.verb:set package 'custom_message' build argument 'cmake_force_configure' from command line to 'False'
[0.380s] Level 5:colcon.colcon_core.verb:set package 'custom_message' build argument 'ament_cmake_args' from command line to 'None'
[0.380s] Level 5:colcon.colcon_core.verb:set package 'custom_message' build argument 'catkin_cmake_args' from command line to 'None'
[0.380s] Level 5:colcon.colcon_core.verb:set package 'custom_message' build argument 'catkin_skip_building_tests' from command line to 'False'
[0.380s] DEBUG:colcon.colcon_core.verb:Building package 'custom_message' with the following arguments: {'ament_cmake_args': None, 'build_base': '/home/muneeb/Desktop/ROS2-Training/hands_on/02_custom_message_interface/build/custom_message', 'catkin_cmake_args': None, 'catkin_skip_building_tests': False, 'cmake_args': None, 'cmake_clean_cache': False, 'cmake_clean_first': False, 'cmake_force_configure': False, 'cmake_target': None, 'cmake_target_skip_unavailable': False, 'install_base': '/home/muneeb/Desktop/ROS2-Training/hands_on/02_custom_message_interface/install/custom_message', 'merge_install': False, 'path': '/home/muneeb/Desktop/ROS2-Training/hands_on/02_custom_message_interface/src/custom_message', 'symlink_install': False, 'test_result_base': None}
[0.380s] INFO:colcon.colcon_core.executor:Executing jobs using 'parallel' executor
[0.381s] DEBUG:colcon.colcon_parallel_executor.executor.parallel:run_until_complete
[0.382s] INFO:colcon.colcon_ros.task.ament_cmake.build:Building ROS package in '/home/muneeb/Desktop/ROS2-Training/hands_on/02_custom_message_interface/src/custom_message' with build type 'ament_cmake'
[0.382s] INFO:colcon.colcon_cmake.task.cmake.build:Building CMake package in '/home/muneeb/Desktop/ROS2-Training/hands_on/02_custom_message_interface/src/custom_message'
[0.384s] INFO:colcon.colcon_core.plugin_system:Skipping extension 'colcon_core.shell.bat': Not used on non-Windows systems
[0.384s] INFO:colcon.colcon_core.shell:Skip shell extension 'powershell' for command environment: Not usable outside of PowerShell
[0.384s] DEBUG:colcon.colcon_core.shell:Skip shell extension 'dsv' for command environment
[0.393s] DEBUG:colcon.colcon_core.event_handler.log_command:Invoking command in '/home/muneeb/Desktop/ROS2-Training/hands_on/02_custom_message_interface/build/custom_message': CMAKE_PREFIX_PATH=/opt/ros/humble /usr/bin/cmake --build /home/muneeb/Desktop/ROS2-Training/hands_on/02_custom_message_interface/build/custom_message -- -j8 -l8
[0.747s] DEBUG:colcon.colcon_core.event_handler.log_command:Invoked command in '/home/muneeb/Desktop/ROS2-Training/hands_on/02_custom_message_interface/build/custom_message' returned '0': CMAKE_PREFIX_PATH=/opt/ros/humble /usr/bin/cmake --build /home/muneeb/Desktop/ROS2-Training/hands_on/02_custom_message_interface/build/custom_message -- -j8 -l8
[0.757s] DEBUG:colcon.colcon_core.event_handler.log_command:Invoking command in '/home/muneeb/Desktop/ROS2-Training/hands_on/02_custom_message_interface/build/custom_message': CMAKE_PREFIX_PATH=/opt/ros/humble /usr/bin/cmake --install /home/muneeb/Desktop/ROS2-Training/hands_on/02_custom_message_interface/build/custom_message
[0.808s] Level 1:colcon.colcon_core.environment:create_environment_scripts_only(custom_message)
[0.809s] DEBUG:colcon.colcon_core.event_handler.log_command:Invoked command in '/home/muneeb/Desktop/ROS2-Training/hands_on/02_custom_message_interface/build/custom_message' returned '0': CMAKE_PREFIX_PATH=/opt/ros/humble /usr/bin/cmake --install /home/muneeb/Desktop/ROS2-Training/hands_on/02_custom_message_interface/build/custom_message
[0.811s] Level 1:colcon.colcon_core.environment:checking '/home/muneeb/Desktop/ROS2-Training/hands_on/02_custom_message_interface/install/custom_message' for CMake module files
[0.812s] Level 1:colcon.colcon_core.environment:checking '/home/muneeb/Desktop/ROS2-Training/hands_on/02_custom_message_interface/install/custom_message' for CMake config files
[0.812s] Level 1:colcon.colcon_core.shell:create_environment_hook('custom_message', 'cmake_prefix_path')
[0.812s] INFO:colcon.colcon_core.shell:Creating environment hook '/home/muneeb/Desktop/ROS2-Training/hands_on/02_custom_message_interface/install/custom_message/share/custom_message/hook/cmake_prefix_path.ps1'
[0.813s] INFO:colcon.colcon_core.shell:Creating environment descriptor '/home/muneeb/Desktop/ROS2-Training/hands_on/02_custom_message_interface/install/custom_message/share/custom_message/hook/cmake_prefix_path.dsv'
[0.813s] INFO:colcon.colcon_core.shell:Creating environment hook '/home/muneeb/Desktop/ROS2-Training/hands_on/02_custom_message_interface/install/custom_message/share/custom_message/hook/cmake_prefix_path.sh'
[0.814s] Level 1:colcon.colcon_core.environment:checking '/home/muneeb/Desktop/ROS2-Training/hands_on/02_custom_message_interface/install/custom_message/lib'
[0.814s] Level 1:colcon.colcon_core.shell:create_environment_hook('custom_message', 'ld_library_path_lib')
[0.815s] INFO:colcon.colcon_core.shell:Creating environment hook '/home/muneeb/Desktop/ROS2-Training/hands_on/02_custom_message_interface/install/custom_message/share/custom_message/hook/ld_library_path_lib.ps1'
[0.815s] INFO:colcon.colcon_core.shell:Creating environment descriptor '/home/muneeb/Desktop/ROS2-Training/hands_on/02_custom_message_interface/install/custom_message/share/custom_message/hook/ld_library_path_lib.dsv'
[0.815s] INFO:colcon.colcon_core.shell:Creating environment hook '/home/muneeb/Desktop/ROS2-Training/hands_on/02_custom_message_interface/install/custom_message/share/custom_message/hook/ld_library_path_lib.sh'
[0.816s] Level 1:colcon.colcon_core.environment:checking '/home/muneeb/Desktop/ROS2-Training/hands_on/02_custom_message_interface/install/custom_message/bin'
[0.816s] Level 1:colcon.colcon_core.environment:checking '/home/muneeb/Desktop/ROS2-Training/hands_on/02_custom_message_interface/install/custom_message/lib/pkgconfig/custom_message.pc'
[0.816s] Level 1:colcon.colcon_core.environment:checking '/home/muneeb/Desktop/ROS2-Training/hands_on/02_custom_message_interface/install/custom_message/lib/python3.10/site-packages'
[0.816s] Level 1:colcon.colcon_core.environment:checking '/home/muneeb/Desktop/ROS2-Training/hands_on/02_custom_message_interface/install/custom_message/bin'
[0.816s] INFO:colcon.colcon_core.shell:Creating package script '/home/muneeb/Desktop/ROS2-Training/hands_on/02_custom_message_interface/install/custom_message/share/custom_message/package.ps1'
[0.817s] INFO:colcon.colcon_core.shell:Creating package descriptor '/home/muneeb/Desktop/ROS2-Training/hands_on/02_custom_message_interface/install/custom_message/share/custom_message/package.dsv'
[0.818s] INFO:colcon.colcon_core.shell:Creating package script '/home/muneeb/Desktop/ROS2-Training/hands_on/02_custom_message_interface/install/custom_message/share/custom_message/package.sh'
[0.818s] INFO:colcon.colcon_core.shell:Creating package script '/home/muneeb/Desktop/ROS2-Training/hands_on/02_custom_message_interface/install/custom_message/share/custom_message/package.bash'
[0.819s] INFO:colcon.colcon_core.shell:Creating package script '/home/muneeb/Desktop/ROS2-Training/hands_on/02_custom_message_interface/install/custom_message/share/custom_message/package.zsh'
[0.820s] Level 1:colcon.colcon_core.environment:create_file_with_runtime_dependencies(/home/muneeb/Desktop/ROS2-Training/hands_on/02_custom_message_interface/install/custom_message/share/colcon-core/packages/custom_message)
[0.820s] Level 1:colcon.colcon_core.environment:create_environment_scripts_only(custom_message)
[0.821s] Level 1:colcon.colcon_core.environment:checking '/home/muneeb/Desktop/ROS2-Training/hands_on/02_custom_message_interface/install/custom_message' for CMake module files
[0.821s] Level 1:colcon.colcon_core.environment:checking '/home/muneeb/Desktop/ROS2-Training/hands_on/02_custom_message_interface/install/custom_message' for CMake config files
[0.821s] Level 1:colcon.colcon_core.shell:create_environment_hook('custom_message', 'cmake_prefix_path')
[0.822s] INFO:colcon.colcon_core.shell:Creating environment hook '/home/muneeb/Desktop/ROS2-Training/hands_on/02_custom_message_interface/install/custom_message/share/custom_message/hook/cmake_prefix_path.ps1'
[0.822s] INFO:colcon.colcon_core.shell:Creating environment descriptor '/home/muneeb/Desktop/ROS2-Training/hands_on/02_custom_message_interface/install/custom_message/share/custom_message/hook/cmake_prefix_path.dsv'
[0.822s] INFO:colcon.colcon_core.shell:Creating environment hook '/home/muneeb/Desktop/ROS2-Training/hands_on/02_custom_message_interface/install/custom_message/share/custom_message/hook/cmake_prefix_path.sh'
[0.823s] Level 1:colcon.colcon_core.environment:checking '/home/muneeb/Desktop/ROS2-Training/hands_on/02_custom_message_interface/install/custom_message/lib'
[0.823s] Level 1:colcon.colcon_core.shell:create_environment_hook('custom_message', 'ld_library_path_lib')
[0.823s] INFO:colcon.colcon_core.shell:Creating environment hook '/home/muneeb/Desktop/ROS2-Training/hands_on/02_custom_message_interface/install/custom_message/share/custom_message/hook/ld_library_path_lib.ps1'
[0.823s] INFO:colcon.colcon_core.shell:Creating environment descriptor '/home/muneeb/Desktop/ROS2-Training/hands_on/02_custom_message_interface/install/custom_message/share/custom_message/hook/ld_library_path_lib.dsv'
[0.824s] INFO:colcon.colcon_core.shell:Creating environment hook '/home/muneeb/Desktop/ROS2-Training/hands_on/02_custom_message_interface/install/custom_message/share/custom_message/hook/ld_library_path_lib.sh'
[0.824s] Level 1:colcon.colcon_core.environment:checking '/home/muneeb/Desktop/ROS2-Training/hands_on/02_custom_message_interface/install/custom_message/bin'
[0.825s] Level 1:colcon.colcon_core.environment:checking '/home/muneeb/Desktop/ROS2-Training/hands_on/02_custom_message_interface/install/custom_message/lib/pkgconfig/custom_message.pc'
[0.825s] Level 1:colcon.colcon_core.environment:checking '/home/muneeb/Desktop/ROS2-Training/hands_on/02_custom_message_interface/install/custom_message/lib/python3.10/site-packages'
[0.825s] Level 1:colcon.colcon_core.environment:checking '/home/muneeb/Desktop/ROS2-Training/hands_on/02_custom_message_interface/install/custom_message/bin'
[0.826s] INFO:colcon.colcon_core.shell:Creating package script '/home/muneeb/Desktop/ROS2-Training/hands_on/02_custom_message_interface/install/custom_message/share/custom_message/package.ps1'
[0.827s] INFO:colcon.colcon_core.shell:Creating package descriptor '/home/muneeb/Desktop/ROS2-Training/hands_on/02_custom_message_interface/install/custom_message/share/custom_message/package.dsv'
[0.827s] INFO:colcon.colcon_core.shell:Creating package script '/home/muneeb/Desktop/ROS2-Training/hands_on/02_custom_message_interface/install/custom_message/share/custom_message/package.sh'
[0.828s] INFO:colcon.colcon_core.shell:Creating package script '/home/muneeb/Desktop/ROS2-Training/hands_on/02_custom_message_interface/install/custom_message/share/custom_message/package.bash'
[0.828s] INFO:colcon.colcon_core.shell:Creating package script '/home/muneeb/Desktop/ROS2-Training/hands_on/02_custom_message_interface/install/custom_message/share/custom_message/package.zsh'
[0.829s] Level 1:colcon.colcon_core.environment:create_file_with_runtime_dependencies(/home/muneeb/Desktop/ROS2-Training/hands_on/02_custom_message_interface/install/custom_message/share/colcon-core/packages/custom_message)
[0.829s] DEBUG:colcon.colcon_parallel_executor.executor.parallel:closing loop
[0.830s] DEBUG:colcon.colcon_parallel_executor.executor.parallel:loop closed
[0.830s] DEBUG:colcon.colcon_parallel_executor.executor.parallel:run_until_complete finished with '0'
[0.830s] DEBUG:colcon.colcon_core.event_reactor:joining thread
[0.836s] INFO:colcon.colcon_core.plugin_system:Skipping extension 'colcon_notification.desktop_notification.notify_send': Could not find 'notify-send'
[0.836s] INFO:colcon.colcon_core.plugin_system:Skipping extension 'colcon_notification.desktop_notification.terminal_notifier': Not used on non-Darwin systems
[0.836s] INFO:colcon.colcon_core.plugin_system:Skipping extension 'colcon_notification.desktop_notification.win32': Not used on non-Windows systems
[0.836s] INFO:colcon.colcon_notification.desktop_notification:Sending desktop notification using 'notify2'
[0.875s] DEBUG:colcon.colcon_core.event_reactor:joined thread
[0.876s] INFO:colcon.colcon_core.shell:Creating prefix script '/home/muneeb/Desktop/ROS2-Training/hands_on/02_custom_message_interface/install/local_setup.ps1'
[0.879s] INFO:colcon.colcon_core.shell:Creating prefix util module '/home/muneeb/Desktop/ROS2-Training/hands_on/02_custom_message_interface/install/_local_setup_util_ps1.py'
[0.882s] INFO:colcon.colcon_core.shell:Creating prefix chain script '/home/muneeb/Desktop/ROS2-Training/hands_on/02_custom_message_interface/install/setup.ps1'
[0.883s] INFO:colcon.colcon_core.shell:Creating prefix script '/home/muneeb/Desktop/ROS2-Training/hands_on/02_custom_message_interface/install/local_setup.sh'
[0.885s] INFO:colcon.colcon_core.shell:Creating prefix util module '/home/muneeb/Desktop/ROS2-Training/hands_on/02_custom_message_interface/install/_local_setup_util_sh.py'
[0.886s] INFO:colcon.colcon_core.shell:Creating prefix chain script '/home/muneeb/Desktop/ROS2-Training/hands_on/02_custom_message_interface/install/setup.sh'
[0.888s] INFO:colcon.colcon_core.shell:Creating prefix script '/home/muneeb/Desktop/ROS2-Training/hands_on/02_custom_message_interface/install/local_setup.bash'
[0.889s] INFO:colcon.colcon_core.shell:Creating prefix chain script '/home/muneeb/Desktop/ROS2-Training/hands_on/02_custom_message_interface/install/setup.bash'
[0.890s] INFO:colcon.colcon_core.shell:Creating prefix script '/home/muneeb/Desktop/ROS2-Training/hands_on/02_custom_message_interface/install/local_setup.zsh'
[0.891s] INFO:colcon.colcon_core.shell:Creating prefix chain script '/home/muneeb/Desktop/ROS2-Training/hands_on/02_custom_message_interface/install/setup.zsh'
