[0.010s] Invoking command in '/home/muneeb/Desktop/ROS2-Training/hands_on/02_custom_message_interface/build/custom_message': CMAKE_PREFIX_PATH=/opt/ros/humble /usr/bin/cmake /home/muneeb/Desktop/ROS2-Training/hands_on/02_custom_message_interface/src/custom_message -DCMAKE_INSTALL_PREFIX=/home/muneeb/Desktop/ROS2-Training/hands_on/02_custom_message_interface/install/custom_message
[0.022s] -- Found ament_cmake: 1.3.11 (/opt/ros/humble/share/ament_cmake/cmake)
[0.145s] -- Found rosidl_default_generators: 1.2.0 (/opt/ros/humble/share/rosidl_default_generators/cmake)
[0.148s] -- Using all available rosidl_typesupport_c: rosidl_typesupport_fastrtps_c;rosidl_typesupport_introspection_c
[0.154s] -- Found rosidl_adapter: 3.1.6 (/opt/ros/humble/share/rosidl_adapter/cmake)
[0.192s] -- Using all available rosidl_typesupport_cpp: rosidl_typesupport_fastrtps_cpp;rosidl_typesupport_introspection_cpp
[0.234s] [31mCMake Error at CMakeLists.txt:15 (find_package):
[0.234s]   By not providing "Findcustom_message.cmake" in CMAKE_MODULE_PATH this
[0.234s]   project has asked CMake to find a package configuration file provided by
[0.234s]   "custom_message", but CMake did not find one.
[0.234s] 
[0.234s]   Could not find a package configuration file provided by "custom_message"
[0.234s]   with any of the following names:
[0.235s] 
[0.235s]     custom_messageConfig.cmake
[0.235s]     custom_message-config.cmake
[0.235s] 
[0.235s]   Add the installation prefix of "custom_message" to CMAKE_PREFIX_PATH or set
[0.235s]   "custom_message_DIR" to a directory containing one of the above files.  If
[0.235s]   "custom_message" provides a separate development package or SDK, be sure it
[0.235s]   has been installed.
[0.235s] 
[0.235s] [0m
[0.235s] -- Configuring incomplete, errors occurred!
[0.235s] See also "/home/muneeb/Desktop/ROS2-Training/hands_on/02_custom_message_interface/build/custom_message/CMakeFiles/CMakeOutput.log".
[0.240s] Invoked command in '/home/muneeb/Desktop/ROS2-Training/hands_on/02_custom_message_interface/build/custom_message' returned '1': CMAKE_PREFIX_PATH=/opt/ros/humble /usr/bin/cmake /home/muneeb/Desktop/ROS2-Training/hands_on/02_custom_message_interface/src/custom_message -DCMAKE_INSTALL_PREFIX=/home/muneeb/Desktop/ROS2-Training/hands_on/02_custom_message_interface/install/custom_message
