[0.012s] Invoking command in '/home/muneeb/Desktop/ROS2-Training/hands_on/02_custom_message_interface/build/custom_message': CMAKE_PREFIX_PATH=${CMAKE_PREFIX_PATH}:/opt/ros/humble /usr/bin/cmake --build /home/muneeb/Desktop/ROS2-Training/hands_on/02_custom_message_interface/build/custom_message -- -j8 -l8
[0.058s] [  9%] Built target custom_message__cpp
[0.058s] [ 12%] Built target custom_message__rosidl_generator_c
[0.072s] [ 12%] Built target ament_cmake_python_copy_custom_message
[0.083s] [ 22%] Built target custom_message__rosidl_typesupport_c
[0.083s] [ 32%] Built target custom_message__rosidl_typesupport_introspection_c
[0.085s] [ 41%] Built target custom_message__rosidl_typesupport_introspection_cpp
[0.086s] [ 51%] Built target custom_message__rosidl_typesupport_fastrtps_cpp
[0.087s] [ 61%] Built target custom_message__rosidl_typesupport_fastrtps_c
[0.096s] [ 70%] Built target custom_message__rosidl_typesupport_cpp
[0.117s] [ 70%] Built target custom_message
[0.137s] [ 74%] Built target custom_message__py
[0.159s] [ 80%] Built target custom_message__rosidl_generator_py
[0.180s] [ 93%] Built target custom_message__rosidl_typesupport_fastrtps_c__pyext
[0.180s] [ 93%] Built target custom_message__rosidl_typesupport_c__pyext
[0.180s] [100%] Built target custom_message__rosidl_typesupport_introspection_c__pyext
[0.331s] running egg_info
[0.332s] writing custom_message.egg-info/PKG-INFO
[0.332s] writing dependency_links to custom_message.egg-info/dependency_links.txt
[0.332s] writing top-level names to custom_message.egg-info/top_level.txt
[0.334s] reading manifest file 'custom_message.egg-info/SOURCES.txt'
[0.335s] writing manifest file 'custom_message.egg-info/SOURCES.txt'
[0.364s] [100%] Built target ament_cmake_python_build_custom_message_egg
[0.376s] Invoked command in '/home/muneeb/Desktop/ROS2-Training/hands_on/02_custom_message_interface/build/custom_message' returned '0': CMAKE_PREFIX_PATH=${CMAKE_PREFIX_PATH}:/opt/ros/humble /usr/bin/cmake --build /home/muneeb/Desktop/ROS2-Training/hands_on/02_custom_message_interface/build/custom_message -- -j8 -l8
[0.386s] Invoking command in '/home/muneeb/Desktop/ROS2-Training/hands_on/02_custom_message_interface/build/custom_message': CMAKE_PREFIX_PATH=${CMAKE_PREFIX_PATH}:/opt/ros/humble /usr/bin/cmake --install /home/muneeb/Desktop/ROS2-Training/hands_on/02_custom_message_interface/build/custom_message
[0.395s] -- Install configuration: ""
[0.395s] -- Up-to-date: /home/muneeb/Desktop/ROS2-Training/hands_on/02_custom_message_interface/install/custom_message/share/ament_index/resource_index/rosidl_interfaces/custom_message
[0.395s] -- Up-to-date: /home/muneeb/Desktop/ROS2-Training/hands_on/02_custom_message_interface/install/custom_message/include/custom_message/custom_message
[0.395s] -- Up-to-date: /home/muneeb/Desktop/ROS2-Training/hands_on/02_custom_message_interface/install/custom_message/include/custom_message/custom_message/msg
[0.395s] -- Up-to-date: /home/muneeb/Desktop/ROS2-Training/hands_on/02_custom_message_interface/install/custom_message/include/custom_message/custom_message/msg/detail
[0.395s] -- Up-to-date: /home/muneeb/Desktop/ROS2-Training/hands_on/02_custom_message_interface/install/custom_message/include/custom_message/custom_message/msg/detail/person__functions.h
[0.396s] -- Up-to-date: /home/muneeb/Desktop/ROS2-Training/hands_on/02_custom_message_interface/install/custom_message/include/custom_message/custom_message/msg/detail/person__type_support.h
[0.396s] -- Up-to-date: /home/muneeb/Desktop/ROS2-Training/hands_on/02_custom_message_interface/install/custom_message/include/custom_message/custom_message/msg/detail/person__struct.h
[0.396s] -- Up-to-date: /home/muneeb/Desktop/ROS2-Training/hands_on/02_custom_message_interface/install/custom_message/include/custom_message/custom_message/msg/detail/person__functions.c
[0.396s] -- Up-to-date: /home/muneeb/Desktop/ROS2-Training/hands_on/02_custom_message_interface/install/custom_message/include/custom_message/custom_message/msg/rosidl_generator_c__visibility_control.h
[0.396s] -- Up-to-date: /home/muneeb/Desktop/ROS2-Training/hands_on/02_custom_message_interface/install/custom_message/include/custom_message/custom_message/msg/person.h
[0.396s] -- Up-to-date: /home/muneeb/Desktop/ROS2-Training/hands_on/02_custom_message_interface/install/custom_message/share/custom_message/environment/library_path.sh
[0.396s] -- Up-to-date: /home/muneeb/Desktop/ROS2-Training/hands_on/02_custom_message_interface/install/custom_message/share/custom_message/environment/library_path.dsv
[0.396s] -- Up-to-date: /home/muneeb/Desktop/ROS2-Training/hands_on/02_custom_message_interface/install/custom_message/lib/libcustom_message__rosidl_generator_c.so
[0.396s] -- Up-to-date: /home/muneeb/Desktop/ROS2-Training/hands_on/02_custom_message_interface/install/custom_message/include/custom_message/custom_message
[0.396s] -- Up-to-date: /home/muneeb/Desktop/ROS2-Training/hands_on/02_custom_message_interface/install/custom_message/include/custom_message/custom_message/msg
[0.396s] -- Up-to-date: /home/muneeb/Desktop/ROS2-Training/hands_on/02_custom_message_interface/install/custom_message/include/custom_message/custom_message/msg/detail
[0.396s] -- Up-to-date: /home/muneeb/Desktop/ROS2-Training/hands_on/02_custom_message_interface/install/custom_message/include/custom_message/custom_message/msg/detail/person__rosidl_typesupport_fastrtps_c.h
[0.397s] -- Up-to-date: /home/muneeb/Desktop/ROS2-Training/hands_on/02_custom_message_interface/install/custom_message/include/custom_message/custom_message/msg/rosidl_typesupport_fastrtps_c__visibility_control.h
[0.397s] -- Up-to-date: /home/muneeb/Desktop/ROS2-Training/hands_on/02_custom_message_interface/install/custom_message/lib/libcustom_message__rosidl_typesupport_fastrtps_c.so
[0.397s] -- Up-to-date: /home/muneeb/Desktop/ROS2-Training/hands_on/02_custom_message_interface/install/custom_message/include/custom_message/custom_message
[0.397s] -- Up-to-date: /home/muneeb/Desktop/ROS2-Training/hands_on/02_custom_message_interface/install/custom_message/include/custom_message/custom_message/msg
[0.397s] -- Up-to-date: /home/muneeb/Desktop/ROS2-Training/hands_on/02_custom_message_interface/install/custom_message/include/custom_message/custom_message/msg/detail
[0.397s] -- Up-to-date: /home/muneeb/Desktop/ROS2-Training/hands_on/02_custom_message_interface/install/custom_message/include/custom_message/custom_message/msg/detail/person__rosidl_typesupport_introspection_c.h
[0.397s] -- Up-to-date: /home/muneeb/Desktop/ROS2-Training/hands_on/02_custom_message_interface/install/custom_message/include/custom_message/custom_message/msg/detail/person__type_support.c
[0.397s] -- Up-to-date: /home/muneeb/Desktop/ROS2-Training/hands_on/02_custom_message_interface/install/custom_message/include/custom_message/custom_message/msg/rosidl_typesupport_introspection_c__visibility_control.h
[0.397s] -- Up-to-date: /home/muneeb/Desktop/ROS2-Training/hands_on/02_custom_message_interface/install/custom_message/lib/libcustom_message__rosidl_typesupport_introspection_c.so
[0.397s] -- Up-to-date: /home/muneeb/Desktop/ROS2-Training/hands_on/02_custom_message_interface/install/custom_message/lib/libcustom_message__rosidl_typesupport_c.so
[0.397s] -- Up-to-date: /home/muneeb/Desktop/ROS2-Training/hands_on/02_custom_message_interface/install/custom_message/include/custom_message/custom_message
[0.397s] -- Up-to-date: /home/muneeb/Desktop/ROS2-Training/hands_on/02_custom_message_interface/install/custom_message/include/custom_message/custom_message/msg
[0.397s] -- Up-to-date: /home/muneeb/Desktop/ROS2-Training/hands_on/02_custom_message_interface/install/custom_message/include/custom_message/custom_message/msg/detail
[0.398s] -- Up-to-date: /home/muneeb/Desktop/ROS2-Training/hands_on/02_custom_message_interface/install/custom_message/include/custom_message/custom_message/msg/detail/person__traits.hpp
[0.398s] -- Up-to-date: /home/muneeb/Desktop/ROS2-Training/hands_on/02_custom_message_interface/install/custom_message/include/custom_message/custom_message/msg/detail/person__struct.hpp
[0.398s] -- Up-to-date: /home/muneeb/Desktop/ROS2-Training/hands_on/02_custom_message_interface/install/custom_message/include/custom_message/custom_message/msg/detail/person__type_support.hpp
[0.398s] -- Up-to-date: /home/muneeb/Desktop/ROS2-Training/hands_on/02_custom_message_interface/install/custom_message/include/custom_message/custom_message/msg/detail/person__builder.hpp
[0.398s] -- Up-to-date: /home/muneeb/Desktop/ROS2-Training/hands_on/02_custom_message_interface/install/custom_message/include/custom_message/custom_message/msg/person.hpp
[0.398s] -- Up-to-date: /home/muneeb/Desktop/ROS2-Training/hands_on/02_custom_message_interface/install/custom_message/include/custom_message/custom_message/msg/rosidl_generator_cpp__visibility_control.hpp
[0.398s] -- Up-to-date: /home/muneeb/Desktop/ROS2-Training/hands_on/02_custom_message_interface/install/custom_message/include/custom_message/custom_message
[0.398s] -- Up-to-date: /home/muneeb/Desktop/ROS2-Training/hands_on/02_custom_message_interface/install/custom_message/include/custom_message/custom_message/msg
[0.398s] -- Up-to-date: /home/muneeb/Desktop/ROS2-Training/hands_on/02_custom_message_interface/install/custom_message/include/custom_message/custom_message/msg/detail
[0.398s] -- Up-to-date: /home/muneeb/Desktop/ROS2-Training/hands_on/02_custom_message_interface/install/custom_message/include/custom_message/custom_message/msg/detail/person__rosidl_typesupport_fastrtps_cpp.hpp
[0.398s] -- Up-to-date: /home/muneeb/Desktop/ROS2-Training/hands_on/02_custom_message_interface/install/custom_message/include/custom_message/custom_message/msg/detail/dds_fastrtps
[0.398s] -- Up-to-date: /home/muneeb/Desktop/ROS2-Training/hands_on/02_custom_message_interface/install/custom_message/include/custom_message/custom_message/msg/rosidl_typesupport_fastrtps_cpp__visibility_control.h
[0.399s] -- Up-to-date: /home/muneeb/Desktop/ROS2-Training/hands_on/02_custom_message_interface/install/custom_message/lib/libcustom_message__rosidl_typesupport_fastrtps_cpp.so
[0.399s] -- Up-to-date: /home/muneeb/Desktop/ROS2-Training/hands_on/02_custom_message_interface/install/custom_message/include/custom_message/custom_message
[0.399s] -- Up-to-date: /home/muneeb/Desktop/ROS2-Training/hands_on/02_custom_message_interface/install/custom_message/include/custom_message/custom_message/msg
[0.399s] -- Up-to-date: /home/muneeb/Desktop/ROS2-Training/hands_on/02_custom_message_interface/install/custom_message/include/custom_message/custom_message/msg/detail
[0.399s] -- Up-to-date: /home/muneeb/Desktop/ROS2-Training/hands_on/02_custom_message_interface/install/custom_message/include/custom_message/custom_message/msg/detail/person__rosidl_typesupport_introspection_cpp.hpp
[0.399s] -- Up-to-date: /home/muneeb/Desktop/ROS2-Training/hands_on/02_custom_message_interface/install/custom_message/include/custom_message/custom_message/msg/detail/person__type_support.cpp
[0.399s] -- Up-to-date: /home/muneeb/Desktop/ROS2-Training/hands_on/02_custom_message_interface/install/custom_message/lib/libcustom_message__rosidl_typesupport_introspection_cpp.so
[0.399s] -- Up-to-date: /home/muneeb/Desktop/ROS2-Training/hands_on/02_custom_message_interface/install/custom_message/lib/libcustom_message__rosidl_typesupport_cpp.so
[0.399s] -- Up-to-date: /home/muneeb/Desktop/ROS2-Training/hands_on/02_custom_message_interface/install/custom_message/share/custom_message/environment/pythonpath.sh
[0.399s] -- Up-to-date: /home/muneeb/Desktop/ROS2-Training/hands_on/02_custom_message_interface/install/custom_message/share/custom_message/environment/pythonpath.dsv
[0.399s] -- Up-to-date: /home/muneeb/Desktop/ROS2-Training/hands_on/02_custom_message_interface/install/custom_message/local/lib/python3.10/dist-packages/custom_message-0.0.0-py3.10.egg-info
[0.400s] -- Installing: /home/muneeb/Desktop/ROS2-Training/hands_on/02_custom_message_interface/install/custom_message/local/lib/python3.10/dist-packages/custom_message-0.0.0-py3.10.egg-info/dependency_links.txt
[0.400s] -- Installing: /home/muneeb/Desktop/ROS2-Training/hands_on/02_custom_message_interface/install/custom_message/local/lib/python3.10/dist-packages/custom_message-0.0.0-py3.10.egg-info/PKG-INFO
[0.400s] -- Installing: /home/muneeb/Desktop/ROS2-Training/hands_on/02_custom_message_interface/install/custom_message/local/lib/python3.10/dist-packages/custom_message-0.0.0-py3.10.egg-info/top_level.txt
[0.400s] -- Installing: /home/muneeb/Desktop/ROS2-Training/hands_on/02_custom_message_interface/install/custom_message/local/lib/python3.10/dist-packages/custom_message-0.0.0-py3.10.egg-info/SOURCES.txt
[0.400s] -- Up-to-date: /home/muneeb/Desktop/ROS2-Training/hands_on/02_custom_message_interface/install/custom_message/local/lib/python3.10/dist-packages/custom_message
[0.400s] -- Up-to-date: /home/muneeb/Desktop/ROS2-Training/hands_on/02_custom_message_interface/install/custom_message/local/lib/python3.10/dist-packages/custom_message/custom_message_s__rosidl_typesupport_introspection_c.cpython-310-x86_64-linux-gnu.so
[0.400s] -- Up-to-date: /home/muneeb/Desktop/ROS2-Training/hands_on/02_custom_message_interface/install/custom_message/local/lib/python3.10/dist-packages/custom_message/_custom_message_s.ep.rosidl_typesupport_c.c
[0.400s] -- Up-to-date: /home/muneeb/Desktop/ROS2-Training/hands_on/02_custom_message_interface/install/custom_message/local/lib/python3.10/dist-packages/custom_message/_custom_message_s.ep.rosidl_typesupport_introspection_c.c
[0.400s] -- Up-to-date: /home/muneeb/Desktop/ROS2-Training/hands_on/02_custom_message_interface/install/custom_message/local/lib/python3.10/dist-packages/custom_message/custom_message_s__rosidl_typesupport_c.cpython-310-x86_64-linux-gnu.so
[0.400s] -- Up-to-date: /home/muneeb/Desktop/ROS2-Training/hands_on/02_custom_message_interface/install/custom_message/local/lib/python3.10/dist-packages/custom_message/__init__.py
[0.400s] -- Up-to-date: /home/muneeb/Desktop/ROS2-Training/hands_on/02_custom_message_interface/install/custom_message/local/lib/python3.10/dist-packages/custom_message/libcustom_message__rosidl_generator_py.so
[0.400s] -- Up-to-date: /home/muneeb/Desktop/ROS2-Training/hands_on/02_custom_message_interface/install/custom_message/local/lib/python3.10/dist-packages/custom_message/_custom_message_s.ep.rosidl_typesupport_fastrtps_c.c
[0.401s] -- Up-to-date: /home/muneeb/Desktop/ROS2-Training/hands_on/02_custom_message_interface/install/custom_message/local/lib/python3.10/dist-packages/custom_message/msg
[0.401s] -- Up-to-date: /home/muneeb/Desktop/ROS2-Training/hands_on/02_custom_message_interface/install/custom_message/local/lib/python3.10/dist-packages/custom_message/msg/__init__.py
[0.401s] -- Up-to-date: /home/muneeb/Desktop/ROS2-Training/hands_on/02_custom_message_interface/install/custom_message/local/lib/python3.10/dist-packages/custom_message/msg/_person_s.c
[0.401s] -- Up-to-date: /home/muneeb/Desktop/ROS2-Training/hands_on/02_custom_message_interface/install/custom_message/local/lib/python3.10/dist-packages/custom_message/msg/_person.py
[0.401s] -- Up-to-date: /home/muneeb/Desktop/ROS2-Training/hands_on/02_custom_message_interface/install/custom_message/local/lib/python3.10/dist-packages/custom_message/custom_message_s__rosidl_typesupport_fastrtps_c.cpython-310-x86_64-linux-gnu.so
[0.435s] Listing '/home/muneeb/Desktop/ROS2-Training/hands_on/02_custom_message_interface/install/custom_message/local/lib/python3.10/dist-packages/custom_message'...
[0.435s] Listing '/home/muneeb/Desktop/ROS2-Training/hands_on/02_custom_message_interface/install/custom_message/local/lib/python3.10/dist-packages/custom_message/msg'...
[0.440s] -- Up-to-date: /home/muneeb/Desktop/ROS2-Training/hands_on/02_custom_message_interface/install/custom_message/local/lib/python3.10/dist-packages/custom_message/custom_message_s__rosidl_typesupport_fastrtps_c.cpython-310-x86_64-linux-gnu.so
[0.440s] -- Up-to-date: /home/muneeb/Desktop/ROS2-Training/hands_on/02_custom_message_interface/install/custom_message/local/lib/python3.10/dist-packages/custom_message/custom_message_s__rosidl_typesupport_introspection_c.cpython-310-x86_64-linux-gnu.so
[0.440s] -- Up-to-date: /home/muneeb/Desktop/ROS2-Training/hands_on/02_custom_message_interface/install/custom_message/local/lib/python3.10/dist-packages/custom_message/custom_message_s__rosidl_typesupport_c.cpython-310-x86_64-linux-gnu.so
[0.441s] -- Up-to-date: /home/muneeb/Desktop/ROS2-Training/hands_on/02_custom_message_interface/install/custom_message/lib/libcustom_message__rosidl_generator_py.so
[0.441s] -- Up-to-date: /home/muneeb/Desktop/ROS2-Training/hands_on/02_custom_message_interface/install/custom_message/share/custom_message/msg/Person.idl
[0.441s] -- Up-to-date: /home/muneeb/Desktop/ROS2-Training/hands_on/02_custom_message_interface/install/custom_message/share/custom_message/msg/Person.msg
[0.441s] -- Installing: /home/muneeb/Desktop/ROS2-Training/hands_on/02_custom_message_interface/install/custom_message/lib/custom_message/person_publisher
[0.441s] -- Up-to-date: /home/muneeb/Desktop/ROS2-Training/hands_on/02_custom_message_interface/install/custom_message/share/ament_index/resource_index/package_run_dependencies/custom_message
[0.441s] -- Up-to-date: /home/muneeb/Desktop/ROS2-Training/hands_on/02_custom_message_interface/install/custom_message/share/ament_index/resource_index/parent_prefix_path/custom_message
[0.441s] -- Up-to-date: /home/muneeb/Desktop/ROS2-Training/hands_on/02_custom_message_interface/install/custom_message/share/custom_message/environment/ament_prefix_path.sh
[0.442s] -- Up-to-date: /home/muneeb/Desktop/ROS2-Training/hands_on/02_custom_message_interface/install/custom_message/share/custom_message/environment/ament_prefix_path.dsv
[0.442s] -- Up-to-date: /home/muneeb/Desktop/ROS2-Training/hands_on/02_custom_message_interface/install/custom_message/share/custom_message/environment/path.sh
[0.442s] -- Up-to-date: /home/muneeb/Desktop/ROS2-Training/hands_on/02_custom_message_interface/install/custom_message/share/custom_message/environment/path.dsv
[0.442s] -- Up-to-date: /home/muneeb/Desktop/ROS2-Training/hands_on/02_custom_message_interface/install/custom_message/share/custom_message/local_setup.bash
[0.442s] -- Up-to-date: /home/muneeb/Desktop/ROS2-Training/hands_on/02_custom_message_interface/install/custom_message/share/custom_message/local_setup.sh
[0.442s] -- Up-to-date: /home/muneeb/Desktop/ROS2-Training/hands_on/02_custom_message_interface/install/custom_message/share/custom_message/local_setup.zsh
[0.442s] -- Up-to-date: /home/muneeb/Desktop/ROS2-Training/hands_on/02_custom_message_interface/install/custom_message/share/custom_message/local_setup.dsv
[0.442s] -- Installing: /home/muneeb/Desktop/ROS2-Training/hands_on/02_custom_message_interface/install/custom_message/share/custom_message/package.dsv
[0.442s] -- Up-to-date: /home/muneeb/Desktop/ROS2-Training/hands_on/02_custom_message_interface/install/custom_message/share/ament_index/resource_index/packages/custom_message
[0.442s] -- Up-to-date: /home/muneeb/Desktop/ROS2-Training/hands_on/02_custom_message_interface/install/custom_message/share/custom_message/cmake/export_custom_message__rosidl_generator_cExport.cmake
[0.442s] -- Up-to-date: /home/muneeb/Desktop/ROS2-Training/hands_on/02_custom_message_interface/install/custom_message/share/custom_message/cmake/export_custom_message__rosidl_generator_cExport-noconfig.cmake
[0.442s] -- Up-to-date: /home/muneeb/Desktop/ROS2-Training/hands_on/02_custom_message_interface/install/custom_message/share/custom_message/cmake/export_custom_message__rosidl_typesupport_fastrtps_cExport.cmake
[0.442s] -- Up-to-date: /home/muneeb/Desktop/ROS2-Training/hands_on/02_custom_message_interface/install/custom_message/share/custom_message/cmake/export_custom_message__rosidl_typesupport_fastrtps_cExport-noconfig.cmake
[0.442s] -- Up-to-date: /home/muneeb/Desktop/ROS2-Training/hands_on/02_custom_message_interface/install/custom_message/share/custom_message/cmake/custom_message__rosidl_typesupport_introspection_cExport.cmake
[0.442s] -- Up-to-date: /home/muneeb/Desktop/ROS2-Training/hands_on/02_custom_message_interface/install/custom_message/share/custom_message/cmake/custom_message__rosidl_typesupport_introspection_cExport-noconfig.cmake
[0.443s] -- Up-to-date: /home/muneeb/Desktop/ROS2-Training/hands_on/02_custom_message_interface/install/custom_message/share/custom_message/cmake/custom_message__rosidl_typesupport_cExport.cmake
[0.443s] -- Up-to-date: /home/muneeb/Desktop/ROS2-Training/hands_on/02_custom_message_interface/install/custom_message/share/custom_message/cmake/custom_message__rosidl_typesupport_cExport-noconfig.cmake
[0.443s] -- Up-to-date: /home/muneeb/Desktop/ROS2-Training/hands_on/02_custom_message_interface/install/custom_message/share/custom_message/cmake/export_custom_message__rosidl_generator_cppExport.cmake
[0.443s] -- Up-to-date: /home/muneeb/Desktop/ROS2-Training/hands_on/02_custom_message_interface/install/custom_message/share/custom_message/cmake/export_custom_message__rosidl_typesupport_fastrtps_cppExport.cmake
[0.443s] -- Up-to-date: /home/muneeb/Desktop/ROS2-Training/hands_on/02_custom_message_interface/install/custom_message/share/custom_message/cmake/export_custom_message__rosidl_typesupport_fastrtps_cppExport-noconfig.cmake
[0.443s] -- Up-to-date: /home/muneeb/Desktop/ROS2-Training/hands_on/02_custom_message_interface/install/custom_message/share/custom_message/cmake/custom_message__rosidl_typesupport_introspection_cppExport.cmake
[0.443s] -- Up-to-date: /home/muneeb/Desktop/ROS2-Training/hands_on/02_custom_message_interface/install/custom_message/share/custom_message/cmake/custom_message__rosidl_typesupport_introspection_cppExport-noconfig.cmake
[0.443s] -- Up-to-date: /home/muneeb/Desktop/ROS2-Training/hands_on/02_custom_message_interface/install/custom_message/share/custom_message/cmake/custom_message__rosidl_typesupport_cppExport.cmake
[0.443s] -- Up-to-date: /home/muneeb/Desktop/ROS2-Training/hands_on/02_custom_message_interface/install/custom_message/share/custom_message/cmake/custom_message__rosidl_typesupport_cppExport-noconfig.cmake
[0.443s] -- Up-to-date: /home/muneeb/Desktop/ROS2-Training/hands_on/02_custom_message_interface/install/custom_message/share/custom_message/cmake/export_custom_message__rosidl_generator_pyExport.cmake
[0.443s] -- Up-to-date: /home/muneeb/Desktop/ROS2-Training/hands_on/02_custom_message_interface/install/custom_message/share/custom_message/cmake/export_custom_message__rosidl_generator_pyExport-noconfig.cmake
[0.443s] -- Up-to-date: /home/muneeb/Desktop/ROS2-Training/hands_on/02_custom_message_interface/install/custom_message/share/custom_message/cmake/rosidl_cmake-extras.cmake
[0.443s] -- Up-to-date: /home/muneeb/Desktop/ROS2-Training/hands_on/02_custom_message_interface/install/custom_message/share/custom_message/cmake/ament_cmake_export_include_directories-extras.cmake
[0.443s] -- Up-to-date: /home/muneeb/Desktop/ROS2-Training/hands_on/02_custom_message_interface/install/custom_message/share/custom_message/cmake/ament_cmake_export_libraries-extras.cmake
[0.443s] -- Up-to-date: /home/muneeb/Desktop/ROS2-Training/hands_on/02_custom_message_interface/install/custom_message/share/custom_message/cmake/ament_cmake_export_targets-extras.cmake
[0.444s] -- Up-to-date: /home/muneeb/Desktop/ROS2-Training/hands_on/02_custom_message_interface/install/custom_message/share/custom_message/cmake/rosidl_cmake_export_typesupport_targets-extras.cmake
[0.444s] -- Up-to-date: /home/muneeb/Desktop/ROS2-Training/hands_on/02_custom_message_interface/install/custom_message/share/custom_message/cmake/ament_cmake_export_dependencies-extras.cmake
[0.444s] -- Up-to-date: /home/muneeb/Desktop/ROS2-Training/hands_on/02_custom_message_interface/install/custom_message/share/custom_message/cmake/rosidl_cmake_export_typesupport_libraries-extras.cmake
[0.444s] -- Up-to-date: /home/muneeb/Desktop/ROS2-Training/hands_on/02_custom_message_interface/install/custom_message/share/custom_message/cmake/custom_messageConfig.cmake
[0.444s] -- Up-to-date: /home/muneeb/Desktop/ROS2-Training/hands_on/02_custom_message_interface/install/custom_message/share/custom_message/cmake/custom_messageConfig-version.cmake
[0.444s] -- Up-to-date: /home/muneeb/Desktop/ROS2-Training/hands_on/02_custom_message_interface/install/custom_message/share/custom_message/package.xml
[0.446s] Invoked command in '/home/muneeb/Desktop/ROS2-Training/hands_on/02_custom_message_interface/build/custom_message' returned '0': CMAKE_PREFIX_PATH=${CMAKE_PREFIX_PATH}:/opt/ros/humble /usr/bin/cmake --install /home/muneeb/Desktop/ROS2-Training/hands_on/02_custom_message_interface/build/custom_message
