[0.010s] Invoking command in '/home/muneeb/Desktop/ROS2-Training/hands_on/03_service_client/build/add_two_ints': CMAKE_PREFIX_PATH=${CMAKE_PREFIX_PATH}:/opt/ros/humble /usr/bin/cmake /home/muneeb/Desktop/ROS2-Training/hands_on/03_service_client/src/add_two_ints -DCMAKE_INSTALL_PREFIX=/home/muneeb/Desktop/ROS2-Training/hands_on/03_service_client/install/add_two_ints
[0.060s] -- The C compiler identification is GNU 11.4.0
[0.115s] -- The CXX compiler identification is GNU 11.4.0
[0.122s] -- Detecting C compiler ABI info
[0.188s] -- Detecting C compiler ABI info - done
[0.196s] -- Check for working C compiler: /usr/bin/cc - skipped
[0.196s] -- Detecting C compile features
[0.196s] -- Detecting C compile features - done
[0.199s] -- Detecting CXX compiler ABI info
[0.279s] -- Detecting CXX compiler ABI info - done
[0.287s] -- Check for working CXX compiler: /usr/bin/c++ - skipped
[0.287s] -- Detecting CXX compile features
[0.288s] -- Detecting CXX compile features - done
[0.290s] -- Found ament_cmake: 1.3.11 (/opt/ros/humble/share/ament_cmake/cmake)
[0.456s] -- Found Python3: /usr/bin/python3 (found version "3.10.12") found components: Interpreter 
[0.550s] -- Found rosidl_default_generators: 1.2.0 (/opt/ros/humble/share/rosidl_default_generators/cmake)
[0.554s] -- Using all available rosidl_typesupport_c: rosidl_typesupport_fastrtps_c;rosidl_typesupport_introspection_c
[0.564s] -- Found rosidl_adapter: 3.1.6 (/opt/ros/humble/share/rosidl_adapter/cmake)
[0.610s] -- Using all available rosidl_typesupport_cpp: rosidl_typesupport_fastrtps_cpp;rosidl_typesupport_introspection_cpp
[0.644s] -- Found rclcpp: 16.0.12 (/opt/ros/humble/share/rclcpp/cmake)
[0.694s] -- Found rmw_implementation_cmake: 6.1.2 (/opt/ros/humble/share/rmw_implementation_cmake/cmake)
[0.696s] -- Found rmw_fastrtps_cpp: 6.2.7 (/opt/ros/humble/share/rmw_fastrtps_cpp/cmake)
[0.778s] -- Found OpenSSL: /usr/lib/x86_64-linux-gnu/libcrypto.so (found version "3.0.2")  
[0.806s] -- Found FastRTPS: /opt/ros/humble/include  
[0.846s] -- Using RMW implementation 'rmw_fastrtps_cpp' as default
[0.854s] -- Looking for pthread.h
[0.924s] -- Looking for pthread.h - found
[0.925s] -- Performing Test CMAKE_HAVE_LIBC_PTHREAD
[0.996s] -- Performing Test CMAKE_HAVE_LIBC_PTHREAD - Success
[0.997s] -- Found Threads: TRUE  
[1.062s] [31mCMake Error at CMakeLists.txt:17 (find_package):
[1.063s]   By not providing "Findadd_two_ints.cmake" in CMAKE_MODULE_PATH this project
[1.063s]   has asked CMake to find a package configuration file provided by
[1.063s]   "add_two_ints", but CMake did not find one.
[1.063s] 
[1.063s]   Could not find a package configuration file provided by "add_two_ints" with
[1.063s]   any of the following names:
[1.063s] 
[1.063s]     add_two_intsConfig.cmake
[1.063s]     add_two_ints-config.cmake
[1.063s] 
[1.064s]   Add the installation prefix of "add_two_ints" to CMAKE_PREFIX_PATH or set
[1.064s]   "add_two_ints_DIR" to a directory containing one of the above files.  If
[1.064s]   "add_two_ints" provides a separate development package or SDK, be sure it
[1.064s]   has been installed.
[1.064s] 
[1.064s] [0m
[1.064s] -- Configuring incomplete, errors occurred!
[1.064s] See also "/home/muneeb/Desktop/ROS2-Training/hands_on/03_service_client/build/add_two_ints/CMakeFiles/CMakeOutput.log".
[1.073s] Invoked command in '/home/muneeb/Desktop/ROS2-Training/hands_on/03_service_client/build/add_two_ints' returned '1': CMAKE_PREFIX_PATH=${CMAKE_PREFIX_PATH}:/opt/ros/humble /usr/bin/cmake /home/muneeb/Desktop/ROS2-Training/hands_on/03_service_client/src/add_two_ints -DCMAKE_INSTALL_PREFIX=/home/muneeb/Desktop/ROS2-Training/hands_on/03_service_client/install/add_two_ints
